<?xml version="1.0" encoding="UTF-8"?>
<!-- Generated by org.testng.reporters.JUnitXMLReporter -->
<testsuite ignored="0" hostname="DESKTOP-TCJEROD" failures="1" tests="17" name="dataStructureIntro" time="180.06" errors="0" timestamp="2025-05-19T08:57:11 PDT">
  <testcase classname="tests.DataStructureIntroTest" name="dataStructureValidation" time="1.126"/>
  <testcase classname="tests.DataStructureIntroTest" name="timeComplexity" time="0.947"/>
  <testcase classname="tests.DataStructureIntroTest" name="practiceQuestionsLinkValidation" time="1.338"/>
  <testcase classname="tests.DataStructureIntroTest" name="tryhereValidation" time="3.392"/>
  <testcase classname="tests.DataStructureIntroTest" name="tryEditorValidationWithoutCode" time="2.387"/>
  <testcase classname="tests.DataStructureIntroTest" name="incorrectPythonCodeValidation" time="16.77"/>
  <testcase classname="tests.DataStructureIntroTest" name="validPythonCodeValidation" time="15.806"/>
  <testcase classname="tests.DataStructureIntroTest" name="navigateBack" time="4.354"/>
  <testcase classname="tests.DataStructureIntroTest" name="signoutValidation" time="3.135"/>
  <testcase classname="tests.RegisterTest" name="registerPageValidation" time="0.121"/>
  <testcase classname="tests.RegisterTest" name="registerValidationWithoutUserInfo" time="0.159"/>
  <testcase classname="tests.RegisterTest" name="registerValidationWithInvalidConfirmPwd" time="13.66"/>
  <testcase classname="tests.RegisterTest" name="registerValidationWithInvalidData" time="12.994"/>
  <testcase classname="tests.RegisterTest" name="registerValidationWithInvalidData" time="12.729"/>
  <testcase classname="tests.RegisterTest" name="registerValidationWithInvalidData" time="13.112"/>
  <testcase classname="tests.RegisterTest" name="registerWithValidData" time="13.946">
    <failure type="java.lang.AssertionError" message="The following asserts failed:
	expected [NumpyNinja] but found [Registration],
	expected [true] but found [false]">
      <![CDATA[java.lang.AssertionError: The following asserts failed:
expected [NumpyNinja] but found [Registration],
expected [true] but found [false]
at tests.RegisterTest.registerWithValidData(RegisterTest.java:90)
at java.base/java.util.ArrayList.forEach(ArrayList.java:1597)
... Removed 27 stack frames]]>
    </failure>
  </testcase> <!-- registerWithValidData -->
  <testcase classname="tests.RegisterTest" name="loginButtonValidationOnRegisterPage" time="0.364"/>
</testsuite> <!-- dataStructureIntro -->
