<html>
<head>
<title>TestNG:  dataStructureIntro</title>
<link href="../testng.css" rel="stylesheet" type="text/css" />
<link href="../my-testng.css" rel="stylesheet" type="text/css" />

<style type="text/css">
.log { display: none;} 
.stack-trace { display: none;} 
</style>
<script type="text/javascript">
<!--
function flip(e) {
  current = e.style.display;
  if (current == 'block') {
    e.style.display = 'none';
    return 0;
  }
  else {
    e.style.display = 'block';
    return 1;
  }
}

function toggleBox(szDivId, elem, msg1, msg2)
{
  var res = -1;  if (document.getElementById) {
    res = flip(document.getElementById(szDivId));
  }
  else if (document.all) {
    // this is the way old msie versions work
    res = flip(document.all[szDivId]);
  }
  if(elem) {
    if(res == 0) elem.innerHTML = msg1; else elem.innerHTML = msg2;
  }

}

function toggleAllBoxes() {
  if (document.getElementsByTagName) {
    d = document.getElementsByTagName('div');
    for (i = 0; i < d.length; i++) {
      if (d[i].className == 'log') {
        flip(d[i]);
      }
    }
  }
}

// -->
</script>

</head>
<body>
<h2 align='center'>dataStructureIntro</h2><table border='1' align="center">
<tr>
<td>Tests passed/Failed/Skipped:</td><td>16/1/0</td>
</tr><tr>
<td>Started on:</td><td>Mon May 19 08:54:11 PDT 2025</td>
</tr>
<tr><td>Total time:</td><td>180 seconds (180060 ms)</td>
</tr><tr>
<td>Included groups:</td><td></td>
</tr><tr>
<td>Excluded groups:</td><td></td>
</tr>
</table><p/>
<small><i>(Hover the method name to see the test class name)</i></small><p/>
<table width='100%' border='1' class='invocation-failed'>
<tr><td colspan='4' align='center'><b>FAILED TESTS</b></td></tr>
<tr><td><b>Test method</b></td>
<td><b>Attribute(s)</b></td>
<td width="30%"><b>Exception</b></td>
<td width="10%"><b>Time (seconds)</b></td>
<td><b>Instance</b></td>
</tr>
<tr>
<td title='tests.RegisterTest.registerWithValidData()'><b>registerWithValidData</b><br>Test class: tests.RegisterTest<br>Parameters: Register, valid, New Account Created. You are logged in as</td>
<td><div><pre>java.lang.AssertionError: The following asserts failed:
	expected [NumpyNinja] but found [Registration],
	expected [true] but found [false]
	at tests.RegisterTest.registerWithValidData(RegisterTest.java:90)
	at java.base/java.util.ArrayList.forEach(ArrayList.java:1597)
... Removed 27 stack frames</pre></div><a href='#' onClick='toggleBox("stack-trace1016138445", this, "Click to show all stack frames", "Click to hide stack frames")'>Click to show all stack frames</a>
<div class='stack-trace' id='stack-trace1016138445'><pre>java.lang.AssertionError: The following asserts failed:
	expected [NumpyNinja] but found [Registration],
	expected [true] but found [false]
	at org.testng.asserts.SoftAssert.assertAll(SoftAssert.java:46)
	at org.testng.asserts.SoftAssert.assertAll(SoftAssert.java:30)
	at tests.RegisterTest.registerWithValidData(RegisterTest.java:90)
	at java.base/jdk.internal.reflect.DirectMethodHandleAccessor.invoke(DirectMethodHandleAccessor.java:103)
	at java.base/java.lang.reflect.Method.invoke(Method.java:580)
	at org.testng.internal.invokers.MethodInvocationHelper.invokeMethod(MethodInvocationHelper.java:141)
	at org.testng.internal.invokers.TestInvoker.invokeMethod(TestInvoker.java:687)
	at org.testng.internal.invokers.TestInvoker.invokeTestMethod(TestInvoker.java:230)
	at org.testng.internal.invokers.MethodRunner.runInSequence(MethodRunner.java:63)
	at org.testng.internal.invokers.TestInvoker$MethodInvocationAgent.invoke(TestInvoker.java:995)
	at org.testng.internal.invokers.TestInvoker.invokeTestMethods(TestInvoker.java:203)
	at org.testng.internal.invokers.TestMethodWorker.invokeTestMethods(TestMethodWorker.java:154)
	at org.testng.internal.invokers.TestMethodWorker.run(TestMethodWorker.java:134)
	at java.base/java.util.ArrayList.forEach(ArrayList.java:1597)
	at org.testng.TestRunner.privateRun(TestRunner.java:741)
	at org.testng.TestRunner.run(TestRunner.java:616)
	at org.testng.SuiteRunner.runTest(SuiteRunner.java:421)
	at org.testng.SuiteRunner.runSequentially(SuiteRunner.java:413)
	at org.testng.SuiteRunner.privateRun(SuiteRunner.java:373)
	at org.testng.SuiteRunner.run(SuiteRunner.java:312)
	at org.testng.SuiteRunnerWorker.runSuite(SuiteRunnerWorker.java:52)
	at org.testng.SuiteRunnerWorker.run(SuiteRunnerWorker.java:95)
	at org.testng.TestNG.runSuitesSequentially(TestNG.java:1274)
	at org.testng.TestNG.runSuitesLocally(TestNG.java:1208)
	at org.testng.TestNG.runSuites(TestNG.java:1112)
	at org.testng.TestNG.run(TestNG.java:1079)
	at org.testng.remote.AbstractRemoteTestNG.run(AbstractRemoteTestNG.java:115)
	at org.testng.remote.RemoteTestNG.initAndRun(RemoteTestNG.java:293)
	at org.testng.remote.RemoteTestNG.main(RemoteTestNG.java:91)
</pre></div></td>
<td>13</td>
<td>tests.RegisterTest@c03cf28</td></tr>
</table><p>
<table width='100%' border='1' class='invocation-passed'>
<tr><td colspan='4' align='center'><b>PASSED TESTS</b></td></tr>
<tr><td><b>Test method</b></td>
<td><b>Attribute(s)</b></td>
<td width="30%"><b>Exception</b></td>
<td width="10%"><b>Time (seconds)</b></td>
<td><b>Instance</b></td>
</tr>
<tr>
<td title='tests.RegisterTest.registerValidationWithInvalidData()'><b>registerValidationWithInvalidData</b><br>Test class: tests.RegisterTest<br>Parameters: Register, pwdBlank, Please fill out this field.</td>
<td></td>
<td>12</td>
<td>tests.RegisterTest@c03cf28</td></tr>
<tr>
<td title='tests.RegisterTest.registerValidationWithInvalidData()'><b>registerValidationWithInvalidData</b><br>Test class: tests.RegisterTest<br>Parameters: Register, confirmPwdBlank, Please fill out this field.</td>
<td></td>
<td>13</td>
<td>tests.RegisterTest@c03cf28</td></tr>
<tr>
<td title='tests.DataStructureIntroTest.timeComplexity()'><b>timeComplexity</b><br>Test class: tests.DataStructureIntroTest<br>Parameters: Time Complexity</td>
<td></td>
<td>0</td>
<td>tests.DataStructureIntroTest@37883b97</td></tr>
<tr>
<td title='tests.RegisterTest.registerPageValidation()'><b>registerPageValidation</b><br>Test class: tests.RegisterTest</td>
<td></td>
<td>0</td>
<td>tests.RegisterTest@c03cf28</td></tr>
<tr>
<td title='tests.DataStructureIntroTest.dataStructureValidation()'><b>dataStructureValidation</b><br>Test class: tests.DataStructureIntroTest<br>Parameters: Data Structures-Introduction</td>
<td></td>
<td>1</td>
<td>tests.DataStructureIntroTest@37883b97</td></tr>
<tr>
<td title='tests.DataStructureIntroTest.tryEditorValidationWithoutCode()'><b>tryEditorValidationWithoutCode</b><br>Test class: tests.DataStructureIntroTest</td>
<td></td>
<td>2</td>
<td>tests.DataStructureIntroTest@37883b97</td></tr>
<tr>
<td title='tests.DataStructureIntroTest.incorrectPythonCodeValidation()'><b>incorrectPythonCodeValidation</b><br>Test class: tests.DataStructureIntroTest</td>
<td></td>
<td>16</td>
<td>tests.DataStructureIntroTest@37883b97</td></tr>
<tr>
<td title='tests.RegisterTest.registerValidationWithInvalidConfirmPwd()'><b>registerValidationWithInvalidConfirmPwd</b><br>Test class: tests.RegisterTest<br>Parameters: password_mismatch:The two password fields didnâ€™t match.</td>
<td></td>
<td>13</td>
<td>tests.RegisterTest@c03cf28</td></tr>
<tr>
<td title='tests.DataStructureIntroTest.validPythonCodeValidation()'><b>validPythonCodeValidation</b><br>Test class: tests.DataStructureIntroTest</td>
<td></td>
<td>15</td>
<td>tests.DataStructureIntroTest@37883b97</td></tr>
<tr>
<td title='tests.RegisterTest.loginButtonValidationOnRegisterPage()'><b>loginButtonValidationOnRegisterPage</b><br>Test class: tests.RegisterTest<br>Parameters: Login</td>
<td></td>
<td>0</td>
<td>tests.RegisterTest@c03cf28</td></tr>
<tr>
<td title='tests.DataStructureIntroTest.navigateBack()'><b>navigateBack</b><br>Test class: tests.DataStructureIntroTest<br>Parameters: Time Complexity</td>
<td></td>
<td>4</td>
<td>tests.DataStructureIntroTest@37883b97</td></tr>
<tr>
<td title='tests.DataStructureIntroTest.tryhereValidation()'><b>tryhereValidation</b><br>Test class: tests.DataStructureIntroTest<br>Parameters: Assessment</td>
<td></td>
<td>3</td>
<td>tests.DataStructureIntroTest@37883b97</td></tr>
<tr>
<td title='tests.RegisterTest.registerValidationWithoutUserInfo()'><b>registerValidationWithoutUserInfo</b><br>Test class: tests.RegisterTest<br>Parameters: Please fill out this field.</td>
<td></td>
<td>0</td>
<td>tests.RegisterTest@c03cf28</td></tr>
<tr>
<td title='tests.DataStructureIntroTest.practiceQuestionsLinkValidation()'><b>practiceQuestionsLinkValidation</b><br>Test class: tests.DataStructureIntroTest<br>Parameters: Practice Questions</td>
<td></td>
<td>1</td>
<td>tests.DataStructureIntroTest@37883b97</td></tr>
<tr>
<td title='tests.DataStructureIntroTest.signoutValidation()'><b>signoutValidation</b><br>Test class: tests.DataStructureIntroTest<br>Parameters: NumpyNinja</td>
<td></td>
<td>3</td>
<td>tests.DataStructureIntroTest@37883b97</td></tr>
<tr>
<td title='tests.RegisterTest.registerValidationWithInvalidData()'><b>registerValidationWithInvalidData</b><br>Test class: tests.RegisterTest<br>Parameters: Register, usernameBlank, Please fill out this field.</td>
<td></td>
<td>12</td>
<td>tests.RegisterTest@c03cf28</td></tr>
</table><p>
</body>
</html>