<?xml version="1.0" encoding="UTF-8"?>
<!-- Generated by org.testng.reporters.JUnitXMLReporter -->
<testsuite ignored="0" hostname="DESKTOP-TCJEROD" failures="1" tests="51" name="dsAlgoModules" time="451.938" errors="0" timestamp="2025-05-19T18:42:06 PDT">
  <testcase classname="tests.DataStructureIntroTest" name="dataStructureValidation" time="1.115"/>
  <testcase classname="tests.DataStructureIntroTest" name="timeComplexity" time="0.971"/>
  <testcase classname="tests.DataStructureIntroTest" name="practiceQuestionsLinkValidation" time="1.247"/>
  <testcase classname="tests.DataStructureIntroTest" name="tryhereValidation" time="3.783"/>
  <testcase classname="tests.DataStructureIntroTest" name="tryEditorValidationWithoutCode" time="2.496"/>
  <testcase classname="tests.DataStructureIntroTest" name="incorrectPythonCodeValidation" time="16.839"/>
  <testcase classname="tests.DataStructureIntroTest" name="validPythonCodeValidation" time="17.616"/>
  <testcase classname="tests.DataStructureIntroTest" name="navigateBack" time="3.43"/>
  <testcase classname="tests.DataStructureIntroTest" name="signoutValidation" time="3.018"/>
  <testcase classname="tests.RegisterTest" name="registerPageValidation" time="0.126"/>
  <testcase classname="tests.RegisterTest" name="registerValidationWithoutUserInfo" time="0.152"/>
  <testcase classname="tests.RegisterTest" name="registerValidationWithInvalidConfirmPwd" time="13.003"/>
  <testcase classname="tests.RegisterTest" name="registerValidationWithInvalidData" time="14.222"/>
  <testcase classname="tests.RegisterTest" name="registerValidationWithInvalidData" time="13.691"/>
  <testcase classname="tests.RegisterTest" name="registerValidationWithInvalidData" time="14.151"/>
  <testcase classname="tests.RegisterTest" name="registerWithValidData" time="13.515">
    <failure type="java.lang.AssertionError" message="The following asserts failed:
	expected [NumpyNinja] but found [Registration],
	expected [true] but found [false]">
      <![CDATA[java.lang.AssertionError: The following asserts failed:
expected [NumpyNinja] but found [Registration],
expected [true] but found [false]
at tests.RegisterTest.registerWithValidData(RegisterTest.java:90)
at java.base/java.util.ArrayList.forEach(ArrayList.java:1597)
... Removed 27 stack frames]]>
    </failure>
  </testcase> <!-- registerWithValidData -->
  <testcase classname="tests.RegisterTest" name="loginButtonValidationOnRegisterPage" time="0.306"/>
  <testcase classname="tests.TreeTest" name="treePageValidation" time="0.668"/>
  <testcase classname="tests.TreeTest" name="headrElementsValidation" time="0.143"/>
  <testcase classname="tests.TreeTest" name="treePageLinksValidation" time="1.265"/>
  <testcase classname="tests.TreeTest" name="treePageLinksValidation" time="1.507"/>
  <testcase classname="tests.TreeTest" name="treePageLinksValidation" time="2.103"/>
  <testcase classname="tests.TreeTest" name="treePageLinksValidation" time="1.732"/>
  <testcase classname="tests.TreeTest" name="treePageLinksValidation" time="1.195"/>
  <testcase classname="tests.TreeTest" name="treePageLinksValidation" time="1.242"/>
  <testcase classname="tests.TreeTest" name="treePageLinksValidation" time="1.783"/>
  <testcase classname="tests.TreeTest" name="treePageLinksValidation" time="1.887"/>
  <testcase classname="tests.TreeTest" name="treePageLinksValidation" time="1.746"/>
  <testcase classname="tests.TreeTest" name="treePageLinksValidation" time="1.13"/>
  <testcase classname="tests.TreeTest" name="treePageLinksValidation" time="1.133"/>
  <testcase classname="tests.TreeTest" name="treePageLinksValidation" time="1.34"/>
  <testcase classname="tests.TreeTest" name="treePageLinksValidation" time="1.476"/>
  <testcase classname="tests.TreeTest" name="tryHereValidation" time="4.856"/>
  <testcase classname="tests.TreeTest" name="tryHereValidation" time="2.792"/>
  <testcase classname="tests.TreeTest" name="tryHereValidation" time="4.337"/>
  <testcase classname="tests.TreeTest" name="tryHereValidation" time="4.899"/>
  <testcase classname="tests.TreeTest" name="tryHereValidation" time="3.519"/>
  <testcase classname="tests.TreeTest" name="tryHereValidation" time="4.112"/>
  <testcase classname="tests.TreeTest" name="tryHereValidation" time="5.298"/>
  <testcase classname="tests.TreeTest" name="tryHereValidation" time="5.021"/>
  <testcase classname="tests.TreeTest" name="tryHereValidation" time="2.897"/>
  <testcase classname="tests.TreeTest" name="tryHereValidation" time="3.823"/>
  <testcase classname="tests.TreeTest" name="tryHereValidation" time="5.589"/>
  <testcase classname="tests.TreeTest" name="tryHereValidation" time="5.795"/>
  <testcase classname="tests.TreeTest" name="tryHereValidation" time="4.871"/>
  <testcase classname="tests.TreeTest" name="practiceQuestionValidation" time="2.219"/>
  <testcase classname="tests.TreeTest" name="tryEditorValidationWithoutCode" time="6.313"/>
  <testcase classname="tests.TreeTest" name="incorrectPythonCodeValidation" time="18.228"/>
  <testcase classname="tests.TreeTest" name="validPythonCodeValidation" time="18.172"/>
  <testcase classname="tests.TreeTest" name="navigateBack" time="3.803"/>
  <testcase classname="tests.TreeTest" name="signoutValidation" time="1.628"/>
</testsuite> <!-- dsAlgoModules -->
