<?xml version="1.0" encoding="UTF-8"?>
<!-- Generated by org.testng.reporters.JUnitXMLReporter -->
<testsuite ignored="0" hostname="Muralis-MBP.attlocal.net" failures="9" tests="199" name="dsAlgoModulesChrome" time="639.389" errors="0" timestamp="2025-05-24T12:34:02 PDT">
  <testcase classname="tests.LinkedListTest" name="@BeforeMethod pageSetup" time="0.253">
    <failure type="org.openqa.selenium.StaleElementReferenceException" message="stale element reference: stale element not found
  (Session info: chrome=136.0.7103.114)
For documentation on this error, please visit: https://www.selenium.dev/documentation/webdriver/troubleshooting/errors#stale-element-reference-exception
Build info: version: &amp;apos;4.29.0&amp;apos;, revision: &amp;apos;5fc1ec94cb&amp;apos;
System info: os.name: &amp;apos;Mac OS X&amp;apos;, os.arch: &amp;apos;x86_64&amp;apos;, os.version: &amp;apos;14.6.1&amp;apos;, java.version: &amp;apos;23.0.2&amp;apos;
Driver info: org.openqa.selenium.chrome.ChromeDriver
Command: [b8789017876bf8c1a0c5dbc86e385e26, clickElement {id=f.3E0CD227A68245589850C91F75DA8DDF.d.CD2349E30F2CF5AB810D2F24ACD0B70D.e.3}]
Capabilities {acceptInsecureCerts: false, browserName: chrome, browserVersion: 136.0.7103.114, chrome: {chromedriverVersion: 136.0.7103.113 (76fa3c17824..., userDataDir: /var/folders/6z/52rq66px5gg...}, fedcm:accounts: true, goog:chromeOptions: {debuggerAddress: localhost:56662}, networkConnectionEnabled: false, pageLoadStrategy: normal, platformName: mac, proxy: Proxy(), se:cdp: ws://localhost:56662/devtoo..., se:cdpVersion: 136.0.7103.114, setWindowRect: true, strictFileInteractability: false, timeouts: {implicit: 0, pageLoad: 300000, script: 30000}, unhandledPromptBehavior: dismiss and notify, webauthn:extension:credBlob: true, webauthn:extension:largeBlob: true, webauthn:extension:minPinLength: true, webauthn:extension:prf: true, webauthn:virtualAuthenticators: true}
Element: [[ChromeDriver: chrome on mac (b8789017876bf8c1a0c5dbc86e385e26)] -&amp;gt; link text: Sign in]
Session ID: b8789017876bf8c1a0c5dbc86e385e26">
      <![CDATA[org.openqa.selenium.StaleElementReferenceException: stale element reference: stale element not found
  (Session info: chrome=136.0.7103.114)
For documentation on this error, please visit: https://www.selenium.dev/documentation/webdriver/troubleshooting/errors#stale-element-reference-exception
Build info: version: '4.29.0', revision: '5fc1ec94cb'
System info: os.name: 'Mac OS X', os.arch: 'x86_64', os.version: '14.6.1', java.version: '23.0.2'
Driver info: org.openqa.selenium.chrome.ChromeDriver
Command: [b8789017876bf8c1a0c5dbc86e385e26, clickElement {id=f.3E0CD227A68245589850C91F75DA8DDF.d.CD2349E30F2CF5AB810D2F24ACD0B70D.e.3}]
Capabilities {acceptInsecureCerts: false, browserName: chrome, browserVersion: 136.0.7103.114, chrome: {chromedriverVersion: 136.0.7103.113 (76fa3c17824..., userDataDir: /var/folders/6z/52rq66px5gg...}, fedcm:accounts: true, goog:chromeOptions: {debuggerAddress: localhost:56662}, networkConnectionEnabled: false, pageLoadStrategy: normal, platformName: mac, proxy: Proxy(), se:cdp: ws://localhost:56662/devtoo..., se:cdpVersion: 136.0.7103.114, setWindowRect: true, strictFileInteractability: false, timeouts: {implicit: 0, pageLoad: 300000, script: 30000}, unhandledPromptBehavior: dismiss and notify, webauthn:extension:credBlob: true, webauthn:extension:largeBlob: true, webauthn:extension:minPinLength: true, webauthn:extension:prf: true, webauthn:virtualAuthenticators: true}
Element: [[ChromeDriver: chrome on mac (b8789017876bf8c1a0c5dbc86e385e26)] -> link text: Sign in]
Session ID: b8789017876bf8c1a0c5dbc86e385e26
at org.openqa.selenium.remote.ErrorCodec.decode(ErrorCodec.java:167)
at org.openqa.selenium.remote.codec.w3c.W3CHttpResponseCodec.decode(W3CHttpResponseCodec.java:138)
at org.openqa.selenium.remote.codec.w3c.W3CHttpResponseCodec.decode(W3CHttpResponseCodec.java:50)
at org.openqa.selenium.remote.HttpCommandExecutor.execute(HttpCommandExecutor.java:215)
at org.openqa.selenium.remote.service.DriverCommandExecutor.invokeExecute(DriverCommandExecutor.java:216)
at org.openqa.selenium.remote.service.DriverCommandExecutor.execute(DriverCommandExecutor.java:174)
at org.openqa.selenium.remote.RemoteWebDriver.execute(RemoteWebDriver.java:545)
at org.openqa.selenium.remote.RemoteWebElement.execute(RemoteWebElement.java:223)
at org.openqa.selenium.remote.RemoteWebElement.click(RemoteWebElement.java:76)
at org.openqa.selenium.support.pagefactory.internal.LocatingElementHandler.invoke(LocatingElementHandler.java:51)
at jdk.proxy2/jdk.proxy2.$Proxy17.click(Unknown Source)
at pageObject.DataStructurePF.loginBackgroundForPages(DataStructurePF.java:203)
at tests.LinkedListTest.pageSetup(LinkedListTest.java:28)
at java.base/java.util.concurrent.Executors$RunnableAdapter.call(Executors.java:572)
at java.base/java.util.concurrent.FutureTask.run(FutureTask.java:317)
at java.base/java.util.concurrent.ThreadPoolExecutor.runWorker(ThreadPoolExecutor.java:1144)
at java.base/java.util.concurrent.ThreadPoolExecutor$Worker.run(ThreadPoolExecutor.java:642)
at java.base/java.lang.Thread.run(Thread.java:1575)
... Removed 20 stack frames]]>
    </failure>
  </testcase> <!-- @BeforeMethod pageSetup -->
  <testcase classname="base.BaseTest" name="@AfterMethod tearDown" time="0.0">
    <skipped/>
  </testcase> <!-- @AfterMethod tearDown -->
  <testcase classname="base.BaseTest" name="@BeforeMethod setUp" time="0.0">
    <skipped/>
  </testcase> <!-- @BeforeMethod setUp -->
  <testcase classname="tests.LinkedListTest" name="@BeforeMethod pageSetup" time="0.0">
    <skipped/>
  </testcase> <!-- @BeforeMethod pageSetup -->
  <testcase classname="base.BaseTest" name="@AfterMethod tearDown" time="0.0">
    <skipped/>
  </testcase> <!-- @AfterMethod tearDown -->
  <testcase classname="base.BaseTest" name="@BeforeMethod setUp" time="0.0">
    <skipped/>
  </testcase> <!-- @BeforeMethod setUp -->
  <testcase classname="tests.LinkedListTest" name="@BeforeMethod pageSetup" time="0.0">
    <skipped/>
  </testcase> <!-- @BeforeMethod pageSetup -->
  <testcase classname="base.BaseTest" name="@AfterMethod tearDown" time="0.0">
    <skipped/>
  </testcase> <!-- @AfterMethod tearDown -->
  <testcase classname="base.BaseTest" name="@BeforeMethod setUp" time="0.0">
    <skipped/>
  </testcase> <!-- @BeforeMethod setUp -->
  <testcase classname="tests.LinkedListTest" name="@BeforeMethod pageSetup" time="0.0">
    <skipped/>
  </testcase> <!-- @BeforeMethod pageSetup -->
  <testcase classname="base.BaseTest" name="@AfterMethod tearDown" time="0.0">
    <skipped/>
  </testcase> <!-- @AfterMethod tearDown -->
  <testcase classname="base.BaseTest" name="@BeforeMethod setUp" time="0.0">
    <skipped/>
  </testcase> <!-- @BeforeMethod setUp -->
  <testcase classname="tests.LinkedListTest" name="@BeforeMethod pageSetup" time="0.0">
    <skipped/>
  </testcase> <!-- @BeforeMethod pageSetup -->
  <testcase classname="base.BaseTest" name="@AfterMethod tearDown" time="0.0">
    <skipped/>
  </testcase> <!-- @AfterMethod tearDown -->
  <testcase classname="base.BaseTest" name="@BeforeMethod setUp" time="0.0">
    <skipped/>
  </testcase> <!-- @BeforeMethod setUp -->
  <testcase classname="tests.LinkedListTest" name="@BeforeMethod pageSetup" time="0.0">
    <skipped/>
  </testcase> <!-- @BeforeMethod pageSetup -->
  <testcase classname="base.BaseTest" name="@AfterMethod tearDown" time="0.0">
    <skipped/>
  </testcase> <!-- @AfterMethod tearDown -->
  <testcase classname="base.BaseTest" name="@BeforeMethod setUp" time="0.0">
    <skipped/>
  </testcase> <!-- @BeforeMethod setUp -->
  <testcase classname="tests.LinkedListTest" name="@BeforeMethod pageSetup" time="0.0">
    <skipped/>
  </testcase> <!-- @BeforeMethod pageSetup -->
  <testcase classname="base.BaseTest" name="@AfterMethod tearDown" time="0.0">
    <skipped/>
  </testcase> <!-- @AfterMethod tearDown -->
  <testcase classname="base.BaseTest" name="@BeforeMethod setUp" time="0.0">
    <skipped/>
  </testcase> <!-- @BeforeMethod setUp -->
  <testcase classname="tests.LinkedListTest" name="@BeforeMethod pageSetup" time="0.0">
    <skipped/>
  </testcase> <!-- @BeforeMethod pageSetup -->
  <testcase classname="base.BaseTest" name="@AfterMethod tearDown" time="0.0">
    <skipped/>
  </testcase> <!-- @AfterMethod tearDown -->
  <testcase classname="base.BaseTest" name="@BeforeMethod setUp" time="0.0">
    <skipped/>
  </testcase> <!-- @BeforeMethod setUp -->
  <testcase classname="tests.LinkedListTest" name="@BeforeMethod pageSetup" time="0.0">
    <skipped/>
  </testcase> <!-- @BeforeMethod pageSetup -->
  <testcase classname="base.BaseTest" name="@AfterMethod tearDown" time="0.0">
    <skipped/>
  </testcase> <!-- @AfterMethod tearDown -->
  <testcase classname="base.BaseTest" name="@BeforeMethod setUp" time="0.0">
    <skipped/>
  </testcase> <!-- @BeforeMethod setUp -->
  <testcase classname="tests.LinkedListTest" name="@BeforeMethod pageSetup" time="0.0">
    <skipped/>
  </testcase> <!-- @BeforeMethod pageSetup -->
  <testcase classname="base.BaseTest" name="@AfterMethod tearDown" time="0.0">
    <skipped/>
  </testcase> <!-- @AfterMethod tearDown -->
  <testcase classname="base.BaseTest" name="@BeforeMethod setUp" time="0.0">
    <skipped/>
  </testcase> <!-- @BeforeMethod setUp -->
  <testcase classname="tests.LinkedListTest" name="@BeforeMethod pageSetup" time="0.0">
    <skipped/>
  </testcase> <!-- @BeforeMethod pageSetup -->
  <testcase classname="base.BaseTest" name="@AfterMethod tearDown" time="0.0">
    <skipped/>
  </testcase> <!-- @AfterMethod tearDown -->
  <testcase classname="base.BaseTest" name="@BeforeMethod setUp" time="0.0">
    <skipped/>
  </testcase> <!-- @BeforeMethod setUp -->
  <testcase classname="tests.LinkedListTest" name="@BeforeMethod pageSetup" time="0.0">
    <skipped/>
  </testcase> <!-- @BeforeMethod pageSetup -->
  <testcase classname="base.BaseTest" name="@AfterMethod tearDown" time="0.0">
    <skipped/>
  </testcase> <!-- @AfterMethod tearDown -->
  <testcase classname="base.BaseTest" name="@BeforeMethod setUp" time="0.0">
    <skipped/>
  </testcase> <!-- @BeforeMethod setUp -->
  <testcase classname="tests.LinkedListTest" name="@BeforeMethod pageSetup" time="0.0">
    <skipped/>
  </testcase> <!-- @BeforeMethod pageSetup -->
  <testcase classname="base.BaseTest" name="@AfterMethod tearDown" time="0.0">
    <skipped/>
  </testcase> <!-- @AfterMethod tearDown -->
  <testcase classname="base.BaseTest" name="@BeforeMethod setUp" time="0.0">
    <skipped/>
  </testcase> <!-- @BeforeMethod setUp -->
  <testcase classname="tests.LinkedListTest" name="@BeforeMethod pageSetup" time="0.0">
    <skipped/>
  </testcase> <!-- @BeforeMethod pageSetup -->
  <testcase classname="base.BaseTest" name="@AfterMethod tearDown" time="0.0">
    <skipped/>
  </testcase> <!-- @AfterMethod tearDown -->
  <testcase classname="base.BaseTest" name="@BeforeMethod setUp" time="0.0">
    <skipped/>
  </testcase> <!-- @BeforeMethod setUp -->
  <testcase classname="tests.LinkedListTest" name="@BeforeMethod pageSetup" time="0.0">
    <skipped/>
  </testcase> <!-- @BeforeMethod pageSetup -->
  <testcase classname="base.BaseTest" name="@AfterMethod tearDown" time="0.0">
    <skipped/>
  </testcase> <!-- @AfterMethod tearDown -->
  <testcase classname="base.BaseTest" name="@BeforeMethod setUp" time="0.0">
    <skipped/>
  </testcase> <!-- @BeforeMethod setUp -->
  <testcase classname="tests.LinkedListTest" name="@BeforeMethod pageSetup" time="0.0">
    <skipped/>
  </testcase> <!-- @BeforeMethod pageSetup -->
  <testcase classname="base.BaseTest" name="@AfterMethod tearDown" time="0.0">
    <skipped/>
  </testcase> <!-- @AfterMethod tearDown -->
  <testcase classname="base.BaseTest" name="@BeforeMethod setUp" time="0.0">
    <skipped/>
  </testcase> <!-- @BeforeMethod setUp -->
  <testcase classname="tests.LinkedListTest" name="@BeforeMethod pageSetup" time="0.0">
    <skipped/>
  </testcase> <!-- @BeforeMethod pageSetup -->
  <testcase classname="base.BaseTest" name="@AfterMethod tearDown" time="0.0">
    <skipped/>
  </testcase> <!-- @AfterMethod tearDown -->
  <testcase classname="base.BaseTest" name="@BeforeMethod setUp" time="0.0">
    <skipped/>
  </testcase> <!-- @BeforeMethod setUp -->
  <testcase classname="tests.LinkedListTest" name="@BeforeMethod pageSetup" time="0.0">
    <skipped/>
  </testcase> <!-- @BeforeMethod pageSetup -->
  <testcase classname="base.BaseTest" name="@AfterMethod tearDown" time="0.0">
    <skipped/>
  </testcase> <!-- @AfterMethod tearDown -->
  <testcase classname="base.BaseTest" name="@BeforeMethod setUp" time="0.0">
    <skipped/>
  </testcase> <!-- @BeforeMethod setUp -->
  <testcase classname="tests.LinkedListTest" name="@BeforeMethod pageSetup" time="0.0">
    <skipped/>
  </testcase> <!-- @BeforeMethod pageSetup -->
  <testcase classname="base.BaseTest" name="@AfterMethod tearDown" time="0.0">
    <skipped/>
  </testcase> <!-- @AfterMethod tearDown -->
  <testcase classname="base.BaseTest" name="@BeforeMethod setUp" time="0.0">
    <skipped/>
  </testcase> <!-- @BeforeMethod setUp -->
  <testcase classname="tests.LinkedListTest" name="@BeforeMethod pageSetup" time="0.0">
    <skipped/>
  </testcase> <!-- @BeforeMethod pageSetup -->
  <testcase classname="base.BaseTest" name="@AfterMethod tearDown" time="0.0">
    <skipped/>
  </testcase> <!-- @AfterMethod tearDown -->
  <testcase classname="base.BaseTest" name="@BeforeMethod setUp" time="0.0">
    <skipped/>
  </testcase> <!-- @BeforeMethod setUp -->
  <testcase classname="tests.LinkedListTest" name="@BeforeMethod pageSetup" time="0.0">
    <skipped/>
  </testcase> <!-- @BeforeMethod pageSetup -->
  <testcase classname="base.BaseTest" name="@AfterMethod tearDown" time="0.0">
    <skipped/>
  </testcase> <!-- @AfterMethod tearDown -->
  <testcase classname="tests.DataStructureIntroTest" name="@BeforeMethod pageSetup" time="0.322">
    <failure type="org.openqa.selenium.StaleElementReferenceException" message="stale element reference: stale element not found
  (Session info: chrome=136.0.7103.114)
For documentation on this error, please visit: https://www.selenium.dev/documentation/webdriver/troubleshooting/errors#stale-element-reference-exception
Build info: version: &amp;apos;4.29.0&amp;apos;, revision: &amp;apos;5fc1ec94cb&amp;apos;
System info: os.name: &amp;apos;Mac OS X&amp;apos;, os.arch: &amp;apos;x86_64&amp;apos;, os.version: &amp;apos;14.6.1&amp;apos;, java.version: &amp;apos;23.0.2&amp;apos;
Driver info: org.openqa.selenium.chrome.ChromeDriver
Command: [43babe183599c739d74eee1bc51abf6c, clickElement {id=f.5DA7D085F6FC51A23BDC767737A809CD.d.1102916C21E878D903143912CAD515D9.e.3}]
Capabilities {acceptInsecureCerts: false, browserName: chrome, browserVersion: 136.0.7103.114, chrome: {chromedriverVersion: 136.0.7103.113 (76fa3c17824..., userDataDir: /var/folders/6z/52rq66px5gg...}, fedcm:accounts: true, goog:chromeOptions: {debuggerAddress: localhost:57001}, networkConnectionEnabled: false, pageLoadStrategy: normal, platformName: mac, proxy: Proxy(), se:cdp: ws://localhost:57001/devtoo..., se:cdpVersion: 136.0.7103.114, setWindowRect: true, strictFileInteractability: false, timeouts: {implicit: 0, pageLoad: 300000, script: 30000}, unhandledPromptBehavior: dismiss and notify, webauthn:extension:credBlob: true, webauthn:extension:largeBlob: true, webauthn:extension:minPinLength: true, webauthn:extension:prf: true, webauthn:virtualAuthenticators: true}
Element: [[ChromeDriver: chrome on mac (43babe183599c739d74eee1bc51abf6c)] -&amp;gt; link text: Sign in]
Session ID: 43babe183599c739d74eee1bc51abf6c">
      <![CDATA[org.openqa.selenium.StaleElementReferenceException: stale element reference: stale element not found
  (Session info: chrome=136.0.7103.114)
For documentation on this error, please visit: https://www.selenium.dev/documentation/webdriver/troubleshooting/errors#stale-element-reference-exception
Build info: version: '4.29.0', revision: '5fc1ec94cb'
System info: os.name: 'Mac OS X', os.arch: 'x86_64', os.version: '14.6.1', java.version: '23.0.2'
Driver info: org.openqa.selenium.chrome.ChromeDriver
Command: [43babe183599c739d74eee1bc51abf6c, clickElement {id=f.5DA7D085F6FC51A23BDC767737A809CD.d.1102916C21E878D903143912CAD515D9.e.3}]
Capabilities {acceptInsecureCerts: false, browserName: chrome, browserVersion: 136.0.7103.114, chrome: {chromedriverVersion: 136.0.7103.113 (76fa3c17824..., userDataDir: /var/folders/6z/52rq66px5gg...}, fedcm:accounts: true, goog:chromeOptions: {debuggerAddress: localhost:57001}, networkConnectionEnabled: false, pageLoadStrategy: normal, platformName: mac, proxy: Proxy(), se:cdp: ws://localhost:57001/devtoo..., se:cdpVersion: 136.0.7103.114, setWindowRect: true, strictFileInteractability: false, timeouts: {implicit: 0, pageLoad: 300000, script: 30000}, unhandledPromptBehavior: dismiss and notify, webauthn:extension:credBlob: true, webauthn:extension:largeBlob: true, webauthn:extension:minPinLength: true, webauthn:extension:prf: true, webauthn:virtualAuthenticators: true}
Element: [[ChromeDriver: chrome on mac (43babe183599c739d74eee1bc51abf6c)] -> link text: Sign in]
Session ID: 43babe183599c739d74eee1bc51abf6c
at org.openqa.selenium.remote.ErrorCodec.decode(ErrorCodec.java:167)
at org.openqa.selenium.remote.codec.w3c.W3CHttpResponseCodec.decode(W3CHttpResponseCodec.java:138)
at org.openqa.selenium.remote.codec.w3c.W3CHttpResponseCodec.decode(W3CHttpResponseCodec.java:50)
at org.openqa.selenium.remote.HttpCommandExecutor.execute(HttpCommandExecutor.java:215)
at org.openqa.selenium.remote.service.DriverCommandExecutor.invokeExecute(DriverCommandExecutor.java:216)
at org.openqa.selenium.remote.service.DriverCommandExecutor.execute(DriverCommandExecutor.java:174)
at org.openqa.selenium.remote.RemoteWebDriver.execute(RemoteWebDriver.java:545)
at org.openqa.selenium.remote.RemoteWebElement.execute(RemoteWebElement.java:223)
at org.openqa.selenium.remote.RemoteWebElement.click(RemoteWebElement.java:76)
at org.openqa.selenium.support.pagefactory.internal.LocatingElementHandler.invoke(LocatingElementHandler.java:51)
at jdk.proxy2/jdk.proxy2.$Proxy17.click(Unknown Source)
at pageObject.DataStructurePF.loginBackgroundForPages(DataStructurePF.java:203)
at tests.DataStructureIntroTest.pageSetup(DataStructureIntroTest.java:26)
at java.base/java.util.concurrent.Executors$RunnableAdapter.call(Executors.java:572)
at java.base/java.util.concurrent.FutureTask.run(FutureTask.java:317)
at java.base/java.util.concurrent.ThreadPoolExecutor.runWorker(ThreadPoolExecutor.java:1144)
at java.base/java.util.concurrent.ThreadPoolExecutor$Worker.run(ThreadPoolExecutor.java:642)
at java.base/java.lang.Thread.run(Thread.java:1575)
... Removed 20 stack frames]]>
    </failure>
  </testcase> <!-- @BeforeMethod pageSetup -->
  <testcase classname="base.BaseTest" name="@AfterMethod tearDown" time="0.0">
    <skipped/>
  </testcase> <!-- @AfterMethod tearDown -->
  <testcase classname="base.BaseTest" name="@BeforeMethod setUp" time="0.0">
    <skipped/>
  </testcase> <!-- @BeforeMethod setUp -->
  <testcase classname="tests.DataStructureIntroTest" name="@BeforeMethod pageSetup" time="0.0">
    <skipped/>
  </testcase> <!-- @BeforeMethod pageSetup -->
  <testcase classname="base.BaseTest" name="@AfterMethod tearDown" time="0.0">
    <skipped/>
  </testcase> <!-- @AfterMethod tearDown -->
  <testcase classname="base.BaseTest" name="@BeforeMethod setUp" time="0.0">
    <skipped/>
  </testcase> <!-- @BeforeMethod setUp -->
  <testcase classname="tests.DataStructureIntroTest" name="@BeforeMethod pageSetup" time="0.0">
    <skipped/>
  </testcase> <!-- @BeforeMethod pageSetup -->
  <testcase classname="base.BaseTest" name="@AfterMethod tearDown" time="0.0">
    <skipped/>
  </testcase> <!-- @AfterMethod tearDown -->
  <testcase classname="base.BaseTest" name="@BeforeMethod setUp" time="0.0">
    <skipped/>
  </testcase> <!-- @BeforeMethod setUp -->
  <testcase classname="tests.DataStructureIntroTest" name="@BeforeMethod pageSetup" time="0.0">
    <skipped/>
  </testcase> <!-- @BeforeMethod pageSetup -->
  <testcase classname="base.BaseTest" name="@AfterMethod tearDown" time="0.0">
    <skipped/>
  </testcase> <!-- @AfterMethod tearDown -->
  <testcase classname="tests.QueueTest" name="@BeforeMethod pageSetup" time="0.35">
    <failure type="org.openqa.selenium.StaleElementReferenceException" message="stale element reference: stale element not found
  (Session info: chrome=136.0.7103.114)
For documentation on this error, please visit: https://www.selenium.dev/documentation/webdriver/troubleshooting/errors#stale-element-reference-exception
Build info: version: &amp;apos;4.29.0&amp;apos;, revision: &amp;apos;5fc1ec94cb&amp;apos;
System info: os.name: &amp;apos;Mac OS X&amp;apos;, os.arch: &amp;apos;x86_64&amp;apos;, os.version: &amp;apos;14.6.1&amp;apos;, java.version: &amp;apos;23.0.2&amp;apos;
Driver info: org.openqa.selenium.chrome.ChromeDriver
Command: [bb34236357d33720f08bae9f102aa7ae, clickElement {id=f.EEB83215825DBCA88C4120E9DB5686E3.d.9B445D2C2DBF622F6DEF823306BC0DE5.e.3}]
Capabilities {acceptInsecureCerts: false, browserName: chrome, browserVersion: 136.0.7103.114, chrome: {chromedriverVersion: 136.0.7103.113 (76fa3c17824..., userDataDir: /var/folders/6z/52rq66px5gg...}, fedcm:accounts: true, goog:chromeOptions: {debuggerAddress: localhost:57288}, networkConnectionEnabled: false, pageLoadStrategy: normal, platformName: mac, proxy: Proxy(), se:cdp: ws://localhost:57288/devtoo..., se:cdpVersion: 136.0.7103.114, setWindowRect: true, strictFileInteractability: false, timeouts: {implicit: 0, pageLoad: 300000, script: 30000}, unhandledPromptBehavior: dismiss and notify, webauthn:extension:credBlob: true, webauthn:extension:largeBlob: true, webauthn:extension:minPinLength: true, webauthn:extension:prf: true, webauthn:virtualAuthenticators: true}
Element: [[ChromeDriver: chrome on mac (bb34236357d33720f08bae9f102aa7ae)] -&amp;gt; link text: Sign in]
Session ID: bb34236357d33720f08bae9f102aa7ae">
      <![CDATA[org.openqa.selenium.StaleElementReferenceException: stale element reference: stale element not found
  (Session info: chrome=136.0.7103.114)
For documentation on this error, please visit: https://www.selenium.dev/documentation/webdriver/troubleshooting/errors#stale-element-reference-exception
Build info: version: '4.29.0', revision: '5fc1ec94cb'
System info: os.name: 'Mac OS X', os.arch: 'x86_64', os.version: '14.6.1', java.version: '23.0.2'
Driver info: org.openqa.selenium.chrome.ChromeDriver
Command: [bb34236357d33720f08bae9f102aa7ae, clickElement {id=f.EEB83215825DBCA88C4120E9DB5686E3.d.9B445D2C2DBF622F6DEF823306BC0DE5.e.3}]
Capabilities {acceptInsecureCerts: false, browserName: chrome, browserVersion: 136.0.7103.114, chrome: {chromedriverVersion: 136.0.7103.113 (76fa3c17824..., userDataDir: /var/folders/6z/52rq66px5gg...}, fedcm:accounts: true, goog:chromeOptions: {debuggerAddress: localhost:57288}, networkConnectionEnabled: false, pageLoadStrategy: normal, platformName: mac, proxy: Proxy(), se:cdp: ws://localhost:57288/devtoo..., se:cdpVersion: 136.0.7103.114, setWindowRect: true, strictFileInteractability: false, timeouts: {implicit: 0, pageLoad: 300000, script: 30000}, unhandledPromptBehavior: dismiss and notify, webauthn:extension:credBlob: true, webauthn:extension:largeBlob: true, webauthn:extension:minPinLength: true, webauthn:extension:prf: true, webauthn:virtualAuthenticators: true}
Element: [[ChromeDriver: chrome on mac (bb34236357d33720f08bae9f102aa7ae)] -> link text: Sign in]
Session ID: bb34236357d33720f08bae9f102aa7ae
at org.openqa.selenium.remote.ErrorCodec.decode(ErrorCodec.java:167)
at org.openqa.selenium.remote.codec.w3c.W3CHttpResponseCodec.decode(W3CHttpResponseCodec.java:138)
at org.openqa.selenium.remote.codec.w3c.W3CHttpResponseCodec.decode(W3CHttpResponseCodec.java:50)
at org.openqa.selenium.remote.HttpCommandExecutor.execute(HttpCommandExecutor.java:215)
at org.openqa.selenium.remote.service.DriverCommandExecutor.invokeExecute(DriverCommandExecutor.java:216)
at org.openqa.selenium.remote.service.DriverCommandExecutor.execute(DriverCommandExecutor.java:174)
at org.openqa.selenium.remote.RemoteWebDriver.execute(RemoteWebDriver.java:545)
at org.openqa.selenium.remote.RemoteWebElement.execute(RemoteWebElement.java:223)
at org.openqa.selenium.remote.RemoteWebElement.click(RemoteWebElement.java:76)
at org.openqa.selenium.support.pagefactory.internal.LocatingElementHandler.invoke(LocatingElementHandler.java:51)
at jdk.proxy2/jdk.proxy2.$Proxy17.click(Unknown Source)
at pageObject.DataStructurePF.loginBackgroundForPages(DataStructurePF.java:203)
at tests.QueueTest.pageSetup(QueueTest.java:28)
at java.base/java.util.concurrent.Executors$RunnableAdapter.call(Executors.java:572)
at java.base/java.util.concurrent.FutureTask.run(FutureTask.java:317)
at java.base/java.util.concurrent.ThreadPoolExecutor.runWorker(ThreadPoolExecutor.java:1144)
at java.base/java.util.concurrent.ThreadPoolExecutor$Worker.run(ThreadPoolExecutor.java:642)
at java.base/java.lang.Thread.run(Thread.java:1575)
... Removed 20 stack frames]]>
    </failure>
  </testcase> <!-- @BeforeMethod pageSetup -->
  <testcase classname="base.BaseTest" name="@AfterMethod tearDown" time="0.0">
    <skipped/>
  </testcase> <!-- @AfterMethod tearDown -->
  <testcase classname="base.BaseTest" name="@BeforeMethod setUp" time="0.0">
    <skipped/>
  </testcase> <!-- @BeforeMethod setUp -->
  <testcase classname="tests.QueueTest" name="@BeforeMethod pageSetup" time="0.0">
    <skipped/>
  </testcase> <!-- @BeforeMethod pageSetup -->
  <testcase classname="base.BaseTest" name="@AfterMethod tearDown" time="0.0">
    <skipped/>
  </testcase> <!-- @AfterMethod tearDown -->
  <testcase classname="base.BaseTest" name="@BeforeMethod setUp" time="0.0">
    <skipped/>
  </testcase> <!-- @BeforeMethod setUp -->
  <testcase classname="tests.QueueTest" name="@BeforeMethod pageSetup" time="0.0">
    <skipped/>
  </testcase> <!-- @BeforeMethod pageSetup -->
  <testcase classname="base.BaseTest" name="@AfterMethod tearDown" time="0.0">
    <skipped/>
  </testcase> <!-- @AfterMethod tearDown -->
  <testcase classname="tests.RegisterTest" name="@BeforeMethod pageSetup" time="0.358">
    <failure type="org.openqa.selenium.StaleElementReferenceException" message="stale element reference: stale element not found
  (Session info: chrome=136.0.7103.114)
For documentation on this error, please visit: https://www.selenium.dev/documentation/webdriver/troubleshooting/errors#stale-element-reference-exception
Build info: version: &amp;apos;4.29.0&amp;apos;, revision: &amp;apos;5fc1ec94cb&amp;apos;
System info: os.name: &amp;apos;Mac OS X&amp;apos;, os.arch: &amp;apos;x86_64&amp;apos;, os.version: &amp;apos;14.6.1&amp;apos;, java.version: &amp;apos;23.0.2&amp;apos;
Driver info: org.openqa.selenium.chrome.ChromeDriver
Command: [9a76979482e2764fd9b8ec12a1c2e6cd, clickElement {id=f.4762A4F00DB142BD043D0E903CA66402.d.762D489D0F70825F8D9832A2FE79C429.e.4}]
Capabilities {acceptInsecureCerts: false, browserName: chrome, browserVersion: 136.0.7103.114, chrome: {chromedriverVersion: 136.0.7103.113 (76fa3c17824..., userDataDir: /var/folders/6z/52rq66px5gg...}, fedcm:accounts: true, goog:chromeOptions: {debuggerAddress: localhost:57406}, networkConnectionEnabled: false, pageLoadStrategy: normal, platformName: mac, proxy: Proxy(), se:cdp: ws://localhost:57406/devtoo..., se:cdpVersion: 136.0.7103.114, setWindowRect: true, strictFileInteractability: false, timeouts: {implicit: 0, pageLoad: 300000, script: 30000}, unhandledPromptBehavior: dismiss and notify, webauthn:extension:credBlob: true, webauthn:extension:largeBlob: true, webauthn:extension:minPinLength: true, webauthn:extension:prf: true, webauthn:virtualAuthenticators: true}
Element: [[ChromeDriver: chrome on mac (9a76979482e2764fd9b8ec12a1c2e6cd)] -&amp;gt; link text: Register]
Session ID: 9a76979482e2764fd9b8ec12a1c2e6cd">
      <![CDATA[org.openqa.selenium.StaleElementReferenceException: stale element reference: stale element not found
  (Session info: chrome=136.0.7103.114)
For documentation on this error, please visit: https://www.selenium.dev/documentation/webdriver/troubleshooting/errors#stale-element-reference-exception
Build info: version: '4.29.0', revision: '5fc1ec94cb'
System info: os.name: 'Mac OS X', os.arch: 'x86_64', os.version: '14.6.1', java.version: '23.0.2'
Driver info: org.openqa.selenium.chrome.ChromeDriver
Command: [9a76979482e2764fd9b8ec12a1c2e6cd, clickElement {id=f.4762A4F00DB142BD043D0E903CA66402.d.762D489D0F70825F8D9832A2FE79C429.e.4}]
Capabilities {acceptInsecureCerts: false, browserName: chrome, browserVersion: 136.0.7103.114, chrome: {chromedriverVersion: 136.0.7103.113 (76fa3c17824..., userDataDir: /var/folders/6z/52rq66px5gg...}, fedcm:accounts: true, goog:chromeOptions: {debuggerAddress: localhost:57406}, networkConnectionEnabled: false, pageLoadStrategy: normal, platformName: mac, proxy: Proxy(), se:cdp: ws://localhost:57406/devtoo..., se:cdpVersion: 136.0.7103.114, setWindowRect: true, strictFileInteractability: false, timeouts: {implicit: 0, pageLoad: 300000, script: 30000}, unhandledPromptBehavior: dismiss and notify, webauthn:extension:credBlob: true, webauthn:extension:largeBlob: true, webauthn:extension:minPinLength: true, webauthn:extension:prf: true, webauthn:virtualAuthenticators: true}
Element: [[ChromeDriver: chrome on mac (9a76979482e2764fd9b8ec12a1c2e6cd)] -> link text: Register]
Session ID: 9a76979482e2764fd9b8ec12a1c2e6cd
at org.openqa.selenium.remote.ErrorCodec.decode(ErrorCodec.java:167)
at org.openqa.selenium.remote.codec.w3c.W3CHttpResponseCodec.decode(W3CHttpResponseCodec.java:138)
at org.openqa.selenium.remote.codec.w3c.W3CHttpResponseCodec.decode(W3CHttpResponseCodec.java:50)
at org.openqa.selenium.remote.HttpCommandExecutor.execute(HttpCommandExecutor.java:215)
at org.openqa.selenium.remote.service.DriverCommandExecutor.invokeExecute(DriverCommandExecutor.java:216)
at org.openqa.selenium.remote.service.DriverCommandExecutor.execute(DriverCommandExecutor.java:174)
at org.openqa.selenium.remote.RemoteWebDriver.execute(RemoteWebDriver.java:545)
at org.openqa.selenium.remote.RemoteWebElement.execute(RemoteWebElement.java:223)
at org.openqa.selenium.remote.RemoteWebElement.click(RemoteWebElement.java:76)
at org.openqa.selenium.support.pagefactory.internal.LocatingElementHandler.invoke(LocatingElementHandler.java:51)
at jdk.proxy2/jdk.proxy2.$Proxy17.click(Unknown Source)
at pageObject.RegisterPF.clickOnRegisterLink(RegisterPF.java:71)
at tests.RegisterTest.pageSetup(RegisterTest.java:26)
at java.base/java.util.concurrent.Executors$RunnableAdapter.call(Executors.java:572)
at java.base/java.util.concurrent.FutureTask.run(FutureTask.java:317)
at java.base/java.util.concurrent.ThreadPoolExecutor.runWorker(ThreadPoolExecutor.java:1144)
at java.base/java.util.concurrent.ThreadPoolExecutor$Worker.run(ThreadPoolExecutor.java:642)
at java.base/java.lang.Thread.run(Thread.java:1575)
... Removed 20 stack frames]]>
    </failure>
  </testcase> <!-- @BeforeMethod pageSetup -->
  <testcase classname="base.BaseTest" name="@AfterMethod tearDown" time="0.0">
    <skipped/>
  </testcase> <!-- @AfterMethod tearDown -->
  <testcase classname="base.BaseTest" name="@BeforeMethod setUp" time="0.0">
    <skipped/>
  </testcase> <!-- @BeforeMethod setUp -->
  <testcase classname="tests.RegisterTest" name="@BeforeMethod pageSetup" time="0.0">
    <skipped/>
  </testcase> <!-- @BeforeMethod pageSetup -->
  <testcase classname="base.BaseTest" name="@AfterMethod tearDown" time="0.0">
    <skipped/>
  </testcase> <!-- @AfterMethod tearDown -->
  <testcase classname="base.BaseTest" name="@BeforeMethod setUp" time="0.0">
    <skipped/>
  </testcase> <!-- @BeforeMethod setUp -->
  <testcase classname="tests.RegisterTest" name="@BeforeMethod pageSetup" time="0.0">
    <skipped/>
  </testcase> <!-- @BeforeMethod pageSetup -->
  <testcase classname="base.BaseTest" name="@AfterMethod tearDown" time="0.0">
    <skipped/>
  </testcase> <!-- @AfterMethod tearDown -->
  <testcase classname="base.BaseTest" name="@BeforeMethod setUp" time="0.0">
    <skipped/>
  </testcase> <!-- @BeforeMethod setUp -->
  <testcase classname="tests.RegisterTest" name="@BeforeMethod pageSetup" time="0.0">
    <skipped/>
  </testcase> <!-- @BeforeMethod pageSetup -->
  <testcase classname="base.BaseTest" name="@AfterMethod tearDown" time="0.0">
    <skipped/>
  </testcase> <!-- @AfterMethod tearDown -->
  <testcase classname="base.BaseTest" name="@BeforeMethod setUp" time="0.0">
    <skipped/>
  </testcase> <!-- @BeforeMethod setUp -->
  <testcase classname="tests.RegisterTest" name="@BeforeMethod pageSetup" time="0.0">
    <skipped/>
  </testcase> <!-- @BeforeMethod pageSetup -->
  <testcase classname="base.BaseTest" name="@AfterMethod tearDown" time="0.0">
    <skipped/>
  </testcase> <!-- @AfterMethod tearDown -->
  <testcase classname="base.BaseTest" name="@BeforeMethod setUp" time="0.0">
    <skipped/>
  </testcase> <!-- @BeforeMethod setUp -->
  <testcase classname="tests.RegisterTest" name="@BeforeMethod pageSetup" time="0.0">
    <skipped/>
  </testcase> <!-- @BeforeMethod pageSetup -->
  <testcase classname="base.BaseTest" name="@AfterMethod tearDown" time="0.0">
    <skipped/>
  </testcase> <!-- @AfterMethod tearDown -->
  <testcase classname="tests.TreeTest" name="@BeforeMethod pageSetup" time="0.308">
    <failure type="org.openqa.selenium.StaleElementReferenceException" message="stale element reference: stale element not found
  (Session info: chrome=136.0.7103.114)
For documentation on this error, please visit: https://www.selenium.dev/documentation/webdriver/troubleshooting/errors#stale-element-reference-exception
Build info: version: &amp;apos;4.29.0&amp;apos;, revision: &amp;apos;5fc1ec94cb&amp;apos;
System info: os.name: &amp;apos;Mac OS X&amp;apos;, os.arch: &amp;apos;x86_64&amp;apos;, os.version: &amp;apos;14.6.1&amp;apos;, java.version: &amp;apos;23.0.2&amp;apos;
Driver info: org.openqa.selenium.chrome.ChromeDriver
Command: [b272cb1d9aeb67f2b888392e18dae508, clickElement {id=f.46493E956D0E58112214F7F0194FBE9D.d.F186CB1640F2CFC010D853EA44BB4F7F.e.3}]
Capabilities {acceptInsecureCerts: false, browserName: chrome, browserVersion: 136.0.7103.114, chrome: {chromedriverVersion: 136.0.7103.113 (76fa3c17824..., userDataDir: /var/folders/6z/52rq66px5gg...}, fedcm:accounts: true, goog:chromeOptions: {debuggerAddress: localhost:58496}, networkConnectionEnabled: false, pageLoadStrategy: normal, platformName: mac, proxy: Proxy(), se:cdp: ws://localhost:58496/devtoo..., se:cdpVersion: 136.0.7103.114, setWindowRect: true, strictFileInteractability: false, timeouts: {implicit: 0, pageLoad: 300000, script: 30000}, unhandledPromptBehavior: dismiss and notify, webauthn:extension:credBlob: true, webauthn:extension:largeBlob: true, webauthn:extension:minPinLength: true, webauthn:extension:prf: true, webauthn:virtualAuthenticators: true}
Element: [[ChromeDriver: chrome on mac (b272cb1d9aeb67f2b888392e18dae508)] -&amp;gt; link text: Sign in]
Session ID: b272cb1d9aeb67f2b888392e18dae508">
      <![CDATA[org.openqa.selenium.StaleElementReferenceException: stale element reference: stale element not found
  (Session info: chrome=136.0.7103.114)
For documentation on this error, please visit: https://www.selenium.dev/documentation/webdriver/troubleshooting/errors#stale-element-reference-exception
Build info: version: '4.29.0', revision: '5fc1ec94cb'
System info: os.name: 'Mac OS X', os.arch: 'x86_64', os.version: '14.6.1', java.version: '23.0.2'
Driver info: org.openqa.selenium.chrome.ChromeDriver
Command: [b272cb1d9aeb67f2b888392e18dae508, clickElement {id=f.46493E956D0E58112214F7F0194FBE9D.d.F186CB1640F2CFC010D853EA44BB4F7F.e.3}]
Capabilities {acceptInsecureCerts: false, browserName: chrome, browserVersion: 136.0.7103.114, chrome: {chromedriverVersion: 136.0.7103.113 (76fa3c17824..., userDataDir: /var/folders/6z/52rq66px5gg...}, fedcm:accounts: true, goog:chromeOptions: {debuggerAddress: localhost:58496}, networkConnectionEnabled: false, pageLoadStrategy: normal, platformName: mac, proxy: Proxy(), se:cdp: ws://localhost:58496/devtoo..., se:cdpVersion: 136.0.7103.114, setWindowRect: true, strictFileInteractability: false, timeouts: {implicit: 0, pageLoad: 300000, script: 30000}, unhandledPromptBehavior: dismiss and notify, webauthn:extension:credBlob: true, webauthn:extension:largeBlob: true, webauthn:extension:minPinLength: true, webauthn:extension:prf: true, webauthn:virtualAuthenticators: true}
Element: [[ChromeDriver: chrome on mac (b272cb1d9aeb67f2b888392e18dae508)] -> link text: Sign in]
Session ID: b272cb1d9aeb67f2b888392e18dae508
at org.openqa.selenium.remote.ErrorCodec.decode(ErrorCodec.java:167)
at org.openqa.selenium.remote.codec.w3c.W3CHttpResponseCodec.decode(W3CHttpResponseCodec.java:138)
at org.openqa.selenium.remote.codec.w3c.W3CHttpResponseCodec.decode(W3CHttpResponseCodec.java:50)
at org.openqa.selenium.remote.HttpCommandExecutor.execute(HttpCommandExecutor.java:215)
at org.openqa.selenium.remote.service.DriverCommandExecutor.invokeExecute(DriverCommandExecutor.java:216)
at org.openqa.selenium.remote.service.DriverCommandExecutor.execute(DriverCommandExecutor.java:174)
at org.openqa.selenium.remote.RemoteWebDriver.execute(RemoteWebDriver.java:545)
at org.openqa.selenium.remote.RemoteWebElement.execute(RemoteWebElement.java:223)
at org.openqa.selenium.remote.RemoteWebElement.click(RemoteWebElement.java:76)
at org.openqa.selenium.support.pagefactory.internal.LocatingElementHandler.invoke(LocatingElementHandler.java:51)
at jdk.proxy2/jdk.proxy2.$Proxy17.click(Unknown Source)
at pageObject.DataStructurePF.loginBackgroundForPages(DataStructurePF.java:203)
at tests.TreeTest.pageSetup(TreeTest.java:27)
at java.base/java.util.concurrent.Executors$RunnableAdapter.call(Executors.java:572)
at java.base/java.util.concurrent.FutureTask.run(FutureTask.java:317)
at java.base/java.util.concurrent.ThreadPoolExecutor.runWorker(ThreadPoolExecutor.java:1144)
at java.base/java.util.concurrent.ThreadPoolExecutor$Worker.run(ThreadPoolExecutor.java:642)
at java.base/java.lang.Thread.run(Thread.java:1575)
... Removed 20 stack frames]]>
    </failure>
  </testcase> <!-- @BeforeMethod pageSetup -->
  <testcase classname="base.BaseTest" name="@AfterMethod tearDown" time="0.0">
    <skipped/>
  </testcase> <!-- @AfterMethod tearDown -->
  <testcase classname="base.BaseTest" name="@BeforeMethod setUp" time="0.0">
    <skipped/>
  </testcase> <!-- @BeforeMethod setUp -->
  <testcase classname="tests.TreeTest" name="@BeforeMethod pageSetup" time="0.0">
    <skipped/>
  </testcase> <!-- @BeforeMethod pageSetup -->
  <testcase classname="base.BaseTest" name="@AfterMethod tearDown" time="0.0">
    <skipped/>
  </testcase> <!-- @AfterMethod tearDown -->
  <testcase classname="base.BaseTest" name="@BeforeMethod setUp" time="0.0">
    <skipped/>
  </testcase> <!-- @BeforeMethod setUp -->
  <testcase classname="tests.TreeTest" name="@BeforeMethod pageSetup" time="0.0">
    <skipped/>
  </testcase> <!-- @BeforeMethod pageSetup -->
  <testcase classname="base.BaseTest" name="@AfterMethod tearDown" time="0.0">
    <skipped/>
  </testcase> <!-- @AfterMethod tearDown -->
  <testcase classname="base.BaseTest" name="@BeforeMethod setUp" time="0.0">
    <skipped/>
  </testcase> <!-- @BeforeMethod setUp -->
  <testcase classname="tests.TreeTest" name="@BeforeMethod pageSetup" time="0.0">
    <skipped/>
  </testcase> <!-- @BeforeMethod pageSetup -->
  <testcase classname="base.BaseTest" name="@AfterMethod tearDown" time="0.0">
    <skipped/>
  </testcase> <!-- @AfterMethod tearDown -->
  <testcase classname="base.BaseTest" name="@BeforeMethod setUp" time="0.0">
    <skipped/>
  </testcase> <!-- @BeforeMethod setUp -->
  <testcase classname="tests.TreeTest" name="@BeforeMethod pageSetup" time="0.0">
    <skipped/>
  </testcase> <!-- @BeforeMethod pageSetup -->
  <testcase classname="base.BaseTest" name="@AfterMethod tearDown" time="0.0">
    <skipped/>
  </testcase> <!-- @AfterMethod tearDown -->
  <testcase classname="base.BaseTest" name="@BeforeMethod setUp" time="0.0">
    <skipped/>
  </testcase> <!-- @BeforeMethod setUp -->
  <testcase classname="tests.TreeTest" name="@BeforeMethod pageSetup" time="0.0">
    <skipped/>
  </testcase> <!-- @BeforeMethod pageSetup -->
  <testcase classname="base.BaseTest" name="@AfterMethod tearDown" time="0.0">
    <skipped/>
  </testcase> <!-- @AfterMethod tearDown -->
  <testcase classname="base.BaseTest" name="@BeforeMethod setUp" time="0.0">
    <skipped/>
  </testcase> <!-- @BeforeMethod setUp -->
  <testcase classname="tests.TreeTest" name="@BeforeMethod pageSetup" time="0.0">
    <skipped/>
  </testcase> <!-- @BeforeMethod pageSetup -->
  <testcase classname="base.BaseTest" name="@AfterMethod tearDown" time="0.0">
    <skipped/>
  </testcase> <!-- @AfterMethod tearDown -->
  <testcase classname="base.BaseTest" name="@BeforeMethod setUp" time="0.0">
    <skipped/>
  </testcase> <!-- @BeforeMethod setUp -->
  <testcase classname="tests.TreeTest" name="@BeforeMethod pageSetup" time="0.0">
    <skipped/>
  </testcase> <!-- @BeforeMethod pageSetup -->
  <testcase classname="base.BaseTest" name="@AfterMethod tearDown" time="0.0">
    <skipped/>
  </testcase> <!-- @AfterMethod tearDown -->
  <testcase classname="base.BaseTest" name="@BeforeMethod setUp" time="0.0">
    <skipped/>
  </testcase> <!-- @BeforeMethod setUp -->
  <testcase classname="tests.TreeTest" name="@BeforeMethod pageSetup" time="0.0">
    <skipped/>
  </testcase> <!-- @BeforeMethod pageSetup -->
  <testcase classname="base.BaseTest" name="@AfterMethod tearDown" time="0.0">
    <skipped/>
  </testcase> <!-- @AfterMethod tearDown -->
  <testcase classname="base.BaseTest" name="@BeforeMethod setUp" time="0.0">
    <skipped/>
  </testcase> <!-- @BeforeMethod setUp -->
  <testcase classname="tests.TreeTest" name="@BeforeMethod pageSetup" time="0.0">
    <skipped/>
  </testcase> <!-- @BeforeMethod pageSetup -->
  <testcase classname="base.BaseTest" name="@AfterMethod tearDown" time="0.0">
    <skipped/>
  </testcase> <!-- @AfterMethod tearDown -->
  <testcase classname="base.BaseTest" name="@BeforeMethod setUp" time="0.0">
    <skipped/>
  </testcase> <!-- @BeforeMethod setUp -->
  <testcase classname="tests.TreeTest" name="@BeforeMethod pageSetup" time="0.0">
    <skipped/>
  </testcase> <!-- @BeforeMethod pageSetup -->
  <testcase classname="base.BaseTest" name="@AfterMethod tearDown" time="0.0">
    <skipped/>
  </testcase> <!-- @AfterMethod tearDown -->
  <testcase classname="base.BaseTest" name="@BeforeMethod setUp" time="0.0">
    <skipped/>
  </testcase> <!-- @BeforeMethod setUp -->
  <testcase classname="tests.TreeTest" name="@BeforeMethod pageSetup" time="0.0">
    <skipped/>
  </testcase> <!-- @BeforeMethod pageSetup -->
  <testcase classname="base.BaseTest" name="@AfterMethod tearDown" time="0.0">
    <skipped/>
  </testcase> <!-- @AfterMethod tearDown -->
  <testcase classname="base.BaseTest" name="@BeforeMethod setUp" time="0.0">
    <skipped/>
  </testcase> <!-- @BeforeMethod setUp -->
  <testcase classname="tests.TreeTest" name="@BeforeMethod pageSetup" time="0.0">
    <skipped/>
  </testcase> <!-- @BeforeMethod pageSetup -->
  <testcase classname="base.BaseTest" name="@AfterMethod tearDown" time="0.0">
    <skipped/>
  </testcase> <!-- @AfterMethod tearDown -->
  <testcase classname="base.BaseTest" name="@BeforeMethod setUp" time="0.0">
    <skipped/>
  </testcase> <!-- @BeforeMethod setUp -->
  <testcase classname="tests.TreeTest" name="@BeforeMethod pageSetup" time="0.0">
    <skipped/>
  </testcase> <!-- @BeforeMethod pageSetup -->
  <testcase classname="base.BaseTest" name="@AfterMethod tearDown" time="0.0">
    <skipped/>
  </testcase> <!-- @AfterMethod tearDown -->
  <testcase classname="base.BaseTest" name="@BeforeMethod setUp" time="0.0">
    <skipped/>
  </testcase> <!-- @BeforeMethod setUp -->
  <testcase classname="tests.TreeTest" name="@BeforeMethod pageSetup" time="0.0">
    <skipped/>
  </testcase> <!-- @BeforeMethod pageSetup -->
  <testcase classname="base.BaseTest" name="@AfterMethod tearDown" time="0.0">
    <skipped/>
  </testcase> <!-- @AfterMethod tearDown -->
  <testcase classname="base.BaseTest" name="@BeforeMethod setUp" time="0.0">
    <skipped/>
  </testcase> <!-- @BeforeMethod setUp -->
  <testcase classname="tests.TreeTest" name="@BeforeMethod pageSetup" time="0.0">
    <skipped/>
  </testcase> <!-- @BeforeMethod pageSetup -->
  <testcase classname="base.BaseTest" name="@AfterMethod tearDown" time="0.0">
    <skipped/>
  </testcase> <!-- @AfterMethod tearDown -->
  <testcase classname="base.BaseTest" name="@BeforeMethod setUp" time="0.0">
    <skipped/>
  </testcase> <!-- @BeforeMethod setUp -->
  <testcase classname="tests.TreeTest" name="@BeforeMethod pageSetup" time="0.0">
    <skipped/>
  </testcase> <!-- @BeforeMethod pageSetup -->
  <testcase classname="base.BaseTest" name="@AfterMethod tearDown" time="0.0">
    <skipped/>
  </testcase> <!-- @AfterMethod tearDown -->
  <testcase classname="base.BaseTest" name="@BeforeMethod setUp" time="0.0">
    <skipped/>
  </testcase> <!-- @BeforeMethod setUp -->
  <testcase classname="tests.TreeTest" name="@BeforeMethod pageSetup" time="0.0">
    <skipped/>
  </testcase> <!-- @BeforeMethod pageSetup -->
  <testcase classname="base.BaseTest" name="@AfterMethod tearDown" time="0.0">
    <skipped/>
  </testcase> <!-- @AfterMethod tearDown -->
  <testcase classname="base.BaseTest" name="@BeforeMethod setUp" time="0.0">
    <skipped/>
  </testcase> <!-- @BeforeMethod setUp -->
  <testcase classname="tests.TreeTest" name="@BeforeMethod pageSetup" time="0.0">
    <skipped/>
  </testcase> <!-- @BeforeMethod pageSetup -->
  <testcase classname="base.BaseTest" name="@AfterMethod tearDown" time="0.0">
    <skipped/>
  </testcase> <!-- @AfterMethod tearDown -->
  <testcase classname="base.BaseTest" name="@BeforeMethod setUp" time="0.0">
    <skipped/>
  </testcase> <!-- @BeforeMethod setUp -->
  <testcase classname="tests.TreeTest" name="@BeforeMethod pageSetup" time="0.0">
    <skipped/>
  </testcase> <!-- @BeforeMethod pageSetup -->
  <testcase classname="base.BaseTest" name="@AfterMethod tearDown" time="0.0">
    <skipped/>
  </testcase> <!-- @AfterMethod tearDown -->
  <testcase classname="base.BaseTest" name="@BeforeMethod setUp" time="0.0">
    <skipped/>
  </testcase> <!-- @BeforeMethod setUp -->
  <testcase classname="tests.TreeTest" name="@BeforeMethod pageSetup" time="0.0">
    <skipped/>
  </testcase> <!-- @BeforeMethod pageSetup -->
  <testcase classname="base.BaseTest" name="@AfterMethod tearDown" time="0.0">
    <skipped/>
  </testcase> <!-- @AfterMethod tearDown -->
  <testcase classname="base.BaseTest" name="@BeforeMethod setUp" time="0.0">
    <skipped/>
  </testcase> <!-- @BeforeMethod setUp -->
  <testcase classname="tests.TreeTest" name="@BeforeMethod pageSetup" time="0.0">
    <skipped/>
  </testcase> <!-- @BeforeMethod pageSetup -->
  <testcase classname="base.BaseTest" name="@AfterMethod tearDown" time="0.0">
    <skipped/>
  </testcase> <!-- @AfterMethod tearDown -->
  <testcase classname="base.BaseTest" name="@BeforeMethod setUp" time="0.0">
    <skipped/>
  </testcase> <!-- @BeforeMethod setUp -->
  <testcase classname="tests.TreeTest" name="@BeforeMethod pageSetup" time="0.0">
    <skipped/>
  </testcase> <!-- @BeforeMethod pageSetup -->
  <testcase classname="base.BaseTest" name="@AfterMethod tearDown" time="0.0">
    <skipped/>
  </testcase> <!-- @AfterMethod tearDown -->
  <testcase classname="base.BaseTest" name="@BeforeMethod setUp" time="0.0">
    <skipped/>
  </testcase> <!-- @BeforeMethod setUp -->
  <testcase classname="tests.TreeTest" name="@BeforeMethod pageSetup" time="0.0">
    <skipped/>
  </testcase> <!-- @BeforeMethod pageSetup -->
  <testcase classname="base.BaseTest" name="@AfterMethod tearDown" time="0.0">
    <skipped/>
  </testcase> <!-- @AfterMethod tearDown -->
  <testcase classname="base.BaseTest" name="@BeforeMethod setUp" time="0.0">
    <skipped/>
  </testcase> <!-- @BeforeMethod setUp -->
  <testcase classname="tests.TreeTest" name="@BeforeMethod pageSetup" time="0.0">
    <skipped/>
  </testcase> <!-- @BeforeMethod pageSetup -->
  <testcase classname="base.BaseTest" name="@AfterMethod tearDown" time="0.0">
    <skipped/>
  </testcase> <!-- @AfterMethod tearDown -->
  <testcase classname="base.BaseTest" name="@BeforeMethod setUp" time="0.0">
    <skipped/>
  </testcase> <!-- @BeforeMethod setUp -->
  <testcase classname="tests.TreeTest" name="@BeforeMethod pageSetup" time="0.0">
    <skipped/>
  </testcase> <!-- @BeforeMethod pageSetup -->
  <testcase classname="base.BaseTest" name="@AfterMethod tearDown" time="0.0">
    <skipped/>
  </testcase> <!-- @AfterMethod tearDown -->
  <testcase classname="base.BaseTest" name="@BeforeMethod setUp" time="0.0">
    <skipped/>
  </testcase> <!-- @BeforeMethod setUp -->
  <testcase classname="tests.TreeTest" name="@BeforeMethod pageSetup" time="0.0">
    <skipped/>
  </testcase> <!-- @BeforeMethod pageSetup -->
  <testcase classname="base.BaseTest" name="@AfterMethod tearDown" time="0.0">
    <skipped/>
  </testcase> <!-- @AfterMethod tearDown -->
  <testcase classname="base.BaseTest" name="@BeforeMethod setUp" time="0.0">
    <skipped/>
  </testcase> <!-- @BeforeMethod setUp -->
  <testcase classname="tests.TreeTest" name="@BeforeMethod pageSetup" time="0.0">
    <skipped/>
  </testcase> <!-- @BeforeMethod pageSetup -->
  <testcase classname="base.BaseTest" name="@AfterMethod tearDown" time="0.0">
    <skipped/>
  </testcase> <!-- @AfterMethod tearDown -->
  <testcase classname="base.BaseTest" name="@BeforeMethod setUp" time="0.0">
    <skipped/>
  </testcase> <!-- @BeforeMethod setUp -->
  <testcase classname="tests.TreeTest" name="@BeforeMethod pageSetup" time="0.0">
    <skipped/>
  </testcase> <!-- @BeforeMethod pageSetup -->
  <testcase classname="base.BaseTest" name="@AfterMethod tearDown" time="0.0">
    <skipped/>
  </testcase> <!-- @AfterMethod tearDown -->
  <testcase classname="base.BaseTest" name="@BeforeMethod setUp" time="0.0">
    <skipped/>
  </testcase> <!-- @BeforeMethod setUp -->
  <testcase classname="tests.TreeTest" name="@BeforeMethod pageSetup" time="0.0">
    <skipped/>
  </testcase> <!-- @BeforeMethod pageSetup -->
  <testcase classname="base.BaseTest" name="@AfterMethod tearDown" time="0.0">
    <skipped/>
  </testcase> <!-- @AfterMethod tearDown -->
  <testcase classname="base.BaseTest" name="@BeforeMethod setUp" time="0.0">
    <skipped/>
  </testcase> <!-- @BeforeMethod setUp -->
  <testcase classname="tests.TreeTest" name="@BeforeMethod pageSetup" time="0.0">
    <skipped/>
  </testcase> <!-- @BeforeMethod pageSetup -->
  <testcase classname="base.BaseTest" name="@AfterMethod tearDown" time="0.0">
    <skipped/>
  </testcase> <!-- @AfterMethod tearDown -->
  <testcase classname="base.BaseTest" name="@BeforeMethod setUp" time="0.0">
    <skipped/>
  </testcase> <!-- @BeforeMethod setUp -->
  <testcase classname="tests.TreeTest" name="@BeforeMethod pageSetup" time="0.0">
    <skipped/>
  </testcase> <!-- @BeforeMethod pageSetup -->
  <testcase classname="base.BaseTest" name="@AfterMethod tearDown" time="0.0">
    <skipped/>
  </testcase> <!-- @AfterMethod tearDown -->
  <testcase classname="base.BaseTest" name="@BeforeMethod setUp" time="0.0">
    <skipped/>
  </testcase> <!-- @BeforeMethod setUp -->
  <testcase classname="tests.TreeTest" name="@BeforeMethod pageSetup" time="0.0">
    <skipped/>
  </testcase> <!-- @BeforeMethod pageSetup -->
  <testcase classname="base.BaseTest" name="@AfterMethod tearDown" time="0.0">
    <skipped/>
  </testcase> <!-- @AfterMethod tearDown -->
  <testcase classname="tests.ArrayTest" name="@BeforeMethod loginAndSetUp" time="0.326">
    <failure type="org.openqa.selenium.StaleElementReferenceException" message="stale element reference: stale element not found
  (Session info: chrome=136.0.7103.114)
For documentation on this error, please visit: https://www.selenium.dev/documentation/webdriver/troubleshooting/errors#stale-element-reference-exception
Build info: version: &amp;apos;4.29.0&amp;apos;, revision: &amp;apos;5fc1ec94cb&amp;apos;
System info: os.name: &amp;apos;Mac OS X&amp;apos;, os.arch: &amp;apos;x86_64&amp;apos;, os.version: &amp;apos;14.6.1&amp;apos;, java.version: &amp;apos;23.0.2&amp;apos;
Driver info: org.openqa.selenium.chrome.ChromeDriver
Command: [5170d7249c584c0359bce6868b665332, clickElement {id=f.4DFF6F268C805EABB366368771B0DACA.d.5ED63E0EC1F6EDA9AB8D88F2DB7975A1.e.3}]
Capabilities {acceptInsecureCerts: false, browserName: chrome, browserVersion: 136.0.7103.114, chrome: {chromedriverVersion: 136.0.7103.113 (76fa3c17824..., userDataDir: /var/folders/6z/52rq66px5gg...}, fedcm:accounts: true, goog:chromeOptions: {debuggerAddress: localhost:59153}, networkConnectionEnabled: false, pageLoadStrategy: normal, platformName: mac, proxy: Proxy(), se:cdp: ws://localhost:59153/devtoo..., se:cdpVersion: 136.0.7103.114, setWindowRect: true, strictFileInteractability: false, timeouts: {implicit: 0, pageLoad: 300000, script: 30000}, unhandledPromptBehavior: dismiss and notify, webauthn:extension:credBlob: true, webauthn:extension:largeBlob: true, webauthn:extension:minPinLength: true, webauthn:extension:prf: true, webauthn:virtualAuthenticators: true}
Element: [[ChromeDriver: chrome on mac (5170d7249c584c0359bce6868b665332)] -&amp;gt; link text: Sign in]
Session ID: 5170d7249c584c0359bce6868b665332">
      <![CDATA[org.openqa.selenium.StaleElementReferenceException: stale element reference: stale element not found
  (Session info: chrome=136.0.7103.114)
For documentation on this error, please visit: https://www.selenium.dev/documentation/webdriver/troubleshooting/errors#stale-element-reference-exception
Build info: version: '4.29.0', revision: '5fc1ec94cb'
System info: os.name: 'Mac OS X', os.arch: 'x86_64', os.version: '14.6.1', java.version: '23.0.2'
Driver info: org.openqa.selenium.chrome.ChromeDriver
Command: [5170d7249c584c0359bce6868b665332, clickElement {id=f.4DFF6F268C805EABB366368771B0DACA.d.5ED63E0EC1F6EDA9AB8D88F2DB7975A1.e.3}]
Capabilities {acceptInsecureCerts: false, browserName: chrome, browserVersion: 136.0.7103.114, chrome: {chromedriverVersion: 136.0.7103.113 (76fa3c17824..., userDataDir: /var/folders/6z/52rq66px5gg...}, fedcm:accounts: true, goog:chromeOptions: {debuggerAddress: localhost:59153}, networkConnectionEnabled: false, pageLoadStrategy: normal, platformName: mac, proxy: Proxy(), se:cdp: ws://localhost:59153/devtoo..., se:cdpVersion: 136.0.7103.114, setWindowRect: true, strictFileInteractability: false, timeouts: {implicit: 0, pageLoad: 300000, script: 30000}, unhandledPromptBehavior: dismiss and notify, webauthn:extension:credBlob: true, webauthn:extension:largeBlob: true, webauthn:extension:minPinLength: true, webauthn:extension:prf: true, webauthn:virtualAuthenticators: true}
Element: [[ChromeDriver: chrome on mac (5170d7249c584c0359bce6868b665332)] -> link text: Sign in]
Session ID: 5170d7249c584c0359bce6868b665332
at org.openqa.selenium.remote.ErrorCodec.decode(ErrorCodec.java:167)
at org.openqa.selenium.remote.codec.w3c.W3CHttpResponseCodec.decode(W3CHttpResponseCodec.java:138)
at org.openqa.selenium.remote.codec.w3c.W3CHttpResponseCodec.decode(W3CHttpResponseCodec.java:50)
at org.openqa.selenium.remote.HttpCommandExecutor.execute(HttpCommandExecutor.java:215)
at org.openqa.selenium.remote.service.DriverCommandExecutor.invokeExecute(DriverCommandExecutor.java:216)
at org.openqa.selenium.remote.service.DriverCommandExecutor.execute(DriverCommandExecutor.java:174)
at org.openqa.selenium.remote.RemoteWebDriver.execute(RemoteWebDriver.java:545)
at org.openqa.selenium.remote.RemoteWebElement.execute(RemoteWebElement.java:223)
at org.openqa.selenium.remote.RemoteWebElement.click(RemoteWebElement.java:76)
at org.openqa.selenium.support.pagefactory.internal.LocatingElementHandler.invoke(LocatingElementHandler.java:51)
at jdk.proxy2/jdk.proxy2.$Proxy17.click(Unknown Source)
at pageObject.DataStructurePF.loginBackgroundForPages(DataStructurePF.java:203)
at tests.ArrayTest.loginAndSetUp(ArrayTest.java:44)
at java.base/java.util.concurrent.Executors$RunnableAdapter.call(Executors.java:572)
at java.base/java.util.concurrent.FutureTask.run(FutureTask.java:317)
at java.base/java.util.concurrent.ThreadPoolExecutor.runWorker(ThreadPoolExecutor.java:1144)
at java.base/java.util.concurrent.ThreadPoolExecutor$Worker.run(ThreadPoolExecutor.java:642)
at java.base/java.lang.Thread.run(Thread.java:1575)
... Removed 20 stack frames]]>
    </failure>
  </testcase> <!-- @BeforeMethod loginAndSetUp -->
  <testcase classname="base.BaseTest" name="@AfterMethod tearDown" time="0.0">
    <skipped/>
  </testcase> <!-- @AfterMethod tearDown -->
  <testcase classname="base.BaseTest" name="@BeforeMethod setUp" time="0.0">
    <skipped/>
  </testcase> <!-- @BeforeMethod setUp -->
  <testcase classname="tests.ArrayTest" name="@BeforeMethod loginAndSetUp" time="0.0">
    <skipped/>
  </testcase> <!-- @BeforeMethod loginAndSetUp -->
  <testcase classname="base.BaseTest" name="@AfterMethod tearDown" time="0.0">
    <skipped/>
  </testcase> <!-- @AfterMethod tearDown -->
  <testcase classname="base.BaseTest" name="@BeforeMethod setUp" time="0.0">
    <skipped/>
  </testcase> <!-- @BeforeMethod setUp -->
  <testcase classname="tests.ArrayTest" name="@BeforeMethod loginAndSetUp" time="0.0">
    <skipped/>
  </testcase> <!-- @BeforeMethod loginAndSetUp -->
  <testcase classname="base.BaseTest" name="@AfterMethod tearDown" time="0.0">
    <skipped/>
  </testcase> <!-- @AfterMethod tearDown -->
  <testcase classname="base.BaseTest" name="@BeforeMethod setUp" time="0.0">
    <skipped/>
  </testcase> <!-- @BeforeMethod setUp -->
  <testcase classname="tests.ArrayTest" name="@BeforeMethod loginAndSetUp" time="0.0">
    <skipped/>
  </testcase> <!-- @BeforeMethod loginAndSetUp -->
  <testcase classname="base.BaseTest" name="@AfterMethod tearDown" time="0.0">
    <skipped/>
  </testcase> <!-- @AfterMethod tearDown -->
  <testcase classname="base.BaseTest" name="@BeforeMethod setUp" time="0.0">
    <skipped/>
  </testcase> <!-- @BeforeMethod setUp -->
  <testcase classname="tests.ArrayTest" name="@BeforeMethod loginAndSetUp" time="0.0">
    <skipped/>
  </testcase> <!-- @BeforeMethod loginAndSetUp -->
  <testcase classname="base.BaseTest" name="@AfterMethod tearDown" time="0.0">
    <skipped/>
  </testcase> <!-- @AfterMethod tearDown -->
  <testcase classname="base.BaseTest" name="@BeforeMethod setUp" time="0.0">
    <skipped/>
  </testcase> <!-- @BeforeMethod setUp -->
  <testcase classname="tests.ArrayTest" name="@BeforeMethod loginAndSetUp" time="0.0">
    <skipped/>
  </testcase> <!-- @BeforeMethod loginAndSetUp -->
  <testcase classname="base.BaseTest" name="@AfterMethod tearDown" time="0.0">
    <skipped/>
  </testcase> <!-- @AfterMethod tearDown -->
  <testcase classname="base.BaseTest" name="@BeforeMethod setUp" time="0.0">
    <skipped/>
  </testcase> <!-- @BeforeMethod setUp -->
  <testcase classname="tests.ArrayTest" name="@BeforeMethod loginAndSetUp" time="0.0">
    <skipped/>
  </testcase> <!-- @BeforeMethod loginAndSetUp -->
  <testcase classname="base.BaseTest" name="@AfterMethod tearDown" time="0.0">
    <skipped/>
  </testcase> <!-- @AfterMethod tearDown -->
  <testcase classname="base.BaseTest" name="@BeforeMethod setUp" time="0.0">
    <skipped/>
  </testcase> <!-- @BeforeMethod setUp -->
  <testcase classname="tests.ArrayTest" name="@BeforeMethod loginAndSetUp" time="0.0">
    <skipped/>
  </testcase> <!-- @BeforeMethod loginAndSetUp -->
  <testcase classname="base.BaseTest" name="@AfterMethod tearDown" time="0.0">
    <skipped/>
  </testcase> <!-- @AfterMethod tearDown -->
  <testcase classname="base.BaseTest" name="@BeforeMethod setUp" time="0.0">
    <skipped/>
  </testcase> <!-- @BeforeMethod setUp -->
  <testcase classname="tests.ArrayTest" name="@BeforeMethod loginAndSetUp" time="0.0">
    <skipped/>
  </testcase> <!-- @BeforeMethod loginAndSetUp -->
  <testcase classname="base.BaseTest" name="@AfterMethod tearDown" time="0.0">
    <skipped/>
  </testcase> <!-- @AfterMethod tearDown -->
  <testcase classname="base.BaseTest" name="@BeforeMethod setUp" time="0.0">
    <skipped/>
  </testcase> <!-- @BeforeMethod setUp -->
  <testcase classname="tests.ArrayTest" name="@BeforeMethod loginAndSetUp" time="0.0">
    <skipped/>
  </testcase> <!-- @BeforeMethod loginAndSetUp -->
  <testcase classname="base.BaseTest" name="@AfterMethod tearDown" time="0.0">
    <skipped/>
  </testcase> <!-- @AfterMethod tearDown -->
  <testcase classname="base.BaseTest" name="@BeforeMethod setUp" time="0.0">
    <skipped/>
  </testcase> <!-- @BeforeMethod setUp -->
  <testcase classname="tests.ArrayTest" name="@BeforeMethod loginAndSetUp" time="0.0">
    <skipped/>
  </testcase> <!-- @BeforeMethod loginAndSetUp -->
  <testcase classname="base.BaseTest" name="@AfterMethod tearDown" time="0.0">
    <skipped/>
  </testcase> <!-- @AfterMethod tearDown -->
  <testcase classname="base.BaseTest" name="@BeforeMethod setUp" time="0.0">
    <skipped/>
  </testcase> <!-- @BeforeMethod setUp -->
  <testcase classname="tests.ArrayTest" name="@BeforeMethod loginAndSetUp" time="0.0">
    <skipped/>
  </testcase> <!-- @BeforeMethod loginAndSetUp -->
  <testcase classname="base.BaseTest" name="@AfterMethod tearDown" time="0.0">
    <skipped/>
  </testcase> <!-- @AfterMethod tearDown -->
  <testcase classname="base.BaseTest" name="@BeforeMethod setUp" time="0.0">
    <skipped/>
  </testcase> <!-- @BeforeMethod setUp -->
  <testcase classname="tests.ArrayTest" name="@BeforeMethod loginAndSetUp" time="0.0">
    <skipped/>
  </testcase> <!-- @BeforeMethod loginAndSetUp -->
  <testcase classname="base.BaseTest" name="@AfterMethod tearDown" time="0.0">
    <skipped/>
  </testcase> <!-- @AfterMethod tearDown -->
  <testcase classname="base.BaseTest" name="@BeforeMethod setUp" time="0.0">
    <skipped/>
  </testcase> <!-- @BeforeMethod setUp -->
  <testcase classname="tests.ArrayTest" name="@BeforeMethod loginAndSetUp" time="0.0">
    <skipped/>
  </testcase> <!-- @BeforeMethod loginAndSetUp -->
  <testcase classname="base.BaseTest" name="@AfterMethod tearDown" time="0.0">
    <skipped/>
  </testcase> <!-- @AfterMethod tearDown -->
  <testcase classname="base.BaseTest" name="@BeforeMethod setUp" time="0.0">
    <skipped/>
  </testcase> <!-- @BeforeMethod setUp -->
  <testcase classname="tests.ArrayTest" name="@BeforeMethod loginAndSetUp" time="0.0">
    <skipped/>
  </testcase> <!-- @BeforeMethod loginAndSetUp -->
  <testcase classname="base.BaseTest" name="@AfterMethod tearDown" time="0.0">
    <skipped/>
  </testcase> <!-- @AfterMethod tearDown -->
  <testcase classname="base.BaseTest" name="@BeforeMethod setUp" time="0.0">
    <skipped/>
  </testcase> <!-- @BeforeMethod setUp -->
  <testcase classname="tests.ArrayTest" name="@BeforeMethod loginAndSetUp" time="0.0">
    <skipped/>
  </testcase> <!-- @BeforeMethod loginAndSetUp -->
  <testcase classname="base.BaseTest" name="@AfterMethod tearDown" time="0.0">
    <skipped/>
  </testcase> <!-- @AfterMethod tearDown -->
  <testcase classname="base.BaseTest" name="@BeforeMethod setUp" time="0.0">
    <skipped/>
  </testcase> <!-- @BeforeMethod setUp -->
  <testcase classname="tests.ArrayTest" name="@BeforeMethod loginAndSetUp" time="0.0">
    <skipped/>
  </testcase> <!-- @BeforeMethod loginAndSetUp -->
  <testcase classname="base.BaseTest" name="@AfterMethod tearDown" time="0.0">
    <skipped/>
  </testcase> <!-- @AfterMethod tearDown -->
  <testcase classname="base.BaseTest" name="@BeforeMethod setUp" time="0.0">
    <skipped/>
  </testcase> <!-- @BeforeMethod setUp -->
  <testcase classname="tests.ArrayTest" name="@BeforeMethod loginAndSetUp" time="0.0">
    <skipped/>
  </testcase> <!-- @BeforeMethod loginAndSetUp -->
  <testcase classname="base.BaseTest" name="@AfterMethod tearDown" time="0.0">
    <skipped/>
  </testcase> <!-- @AfterMethod tearDown -->
  <testcase classname="base.BaseTest" name="@BeforeMethod setUp" time="0.0">
    <skipped/>
  </testcase> <!-- @BeforeMethod setUp -->
  <testcase classname="tests.ArrayTest" name="@BeforeMethod loginAndSetUp" time="0.0">
    <skipped/>
  </testcase> <!-- @BeforeMethod loginAndSetUp -->
  <testcase classname="base.BaseTest" name="@AfterMethod tearDown" time="0.0">
    <skipped/>
  </testcase> <!-- @AfterMethod tearDown -->
  <testcase classname="base.BaseTest" name="@BeforeMethod setUp" time="0.0">
    <skipped/>
  </testcase> <!-- @BeforeMethod setUp -->
  <testcase classname="tests.ArrayTest" name="@BeforeMethod loginAndSetUp" time="0.0">
    <skipped/>
  </testcase> <!-- @BeforeMethod loginAndSetUp -->
  <testcase classname="base.BaseTest" name="@AfterMethod tearDown" time="0.0">
    <skipped/>
  </testcase> <!-- @AfterMethod tearDown -->
  <testcase classname="base.BaseTest" name="@BeforeMethod setUp" time="0.0">
    <skipped/>
  </testcase> <!-- @BeforeMethod setUp -->
  <testcase classname="tests.ArrayTest" name="@BeforeMethod loginAndSetUp" time="0.0">
    <skipped/>
  </testcase> <!-- @BeforeMethod loginAndSetUp -->
  <testcase classname="base.BaseTest" name="@AfterMethod tearDown" time="0.0">
    <skipped/>
  </testcase> <!-- @AfterMethod tearDown -->
  <testcase classname="base.BaseTest" name="@BeforeMethod setUp" time="0.0">
    <skipped/>
  </testcase> <!-- @BeforeMethod setUp -->
  <testcase classname="tests.ArrayTest" name="@BeforeMethod loginAndSetUp" time="0.0">
    <skipped/>
  </testcase> <!-- @BeforeMethod loginAndSetUp -->
  <testcase classname="base.BaseTest" name="@AfterMethod tearDown" time="0.0">
    <skipped/>
  </testcase> <!-- @AfterMethod tearDown -->
  <testcase classname="base.BaseTest" name="@BeforeMethod setUp" time="0.0">
    <skipped/>
  </testcase> <!-- @BeforeMethod setUp -->
  <testcase classname="tests.ArrayTest" name="@BeforeMethod loginAndSetUp" time="0.0">
    <skipped/>
  </testcase> <!-- @BeforeMethod loginAndSetUp -->
  <testcase classname="base.BaseTest" name="@AfterMethod tearDown" time="0.0">
    <skipped/>
  </testcase> <!-- @AfterMethod tearDown -->
  <testcase classname="base.BaseTest" name="@BeforeMethod setUp" time="0.0">
    <skipped/>
  </testcase> <!-- @BeforeMethod setUp -->
  <testcase classname="tests.ArrayTest" name="@BeforeMethod loginAndSetUp" time="0.0">
    <skipped/>
  </testcase> <!-- @BeforeMethod loginAndSetUp -->
  <testcase classname="base.BaseTest" name="@AfterMethod tearDown" time="0.0">
    <skipped/>
  </testcase> <!-- @AfterMethod tearDown -->
  <testcase classname="base.BaseTest" name="@BeforeMethod setUp" time="0.0">
    <skipped/>
  </testcase> <!-- @BeforeMethod setUp -->
  <testcase classname="tests.ArrayTest" name="@BeforeMethod loginAndSetUp" time="0.0">
    <skipped/>
  </testcase> <!-- @BeforeMethod loginAndSetUp -->
  <testcase classname="base.BaseTest" name="@AfterMethod tearDown" time="0.0">
    <skipped/>
  </testcase> <!-- @AfterMethod tearDown -->
  <testcase classname="base.BaseTest" name="@BeforeMethod setUp" time="0.0">
    <skipped/>
  </testcase> <!-- @BeforeMethod setUp -->
  <testcase classname="tests.ArrayTest" name="@BeforeMethod loginAndSetUp" time="0.0">
    <skipped/>
  </testcase> <!-- @BeforeMethod loginAndSetUp -->
  <testcase classname="base.BaseTest" name="@AfterMethod tearDown" time="0.0">
    <skipped/>
  </testcase> <!-- @AfterMethod tearDown -->
  <testcase classname="base.BaseTest" name="@BeforeMethod setUp" time="0.0">
    <skipped/>
  </testcase> <!-- @BeforeMethod setUp -->
  <testcase classname="tests.ArrayTest" name="@BeforeMethod loginAndSetUp" time="0.0">
    <skipped/>
  </testcase> <!-- @BeforeMethod loginAndSetUp -->
  <testcase classname="base.BaseTest" name="@AfterMethod tearDown" time="0.0">
    <skipped/>
  </testcase> <!-- @AfterMethod tearDown -->
  <testcase classname="base.BaseTest" name="@BeforeMethod setUp" time="0.0">
    <skipped/>
  </testcase> <!-- @BeforeMethod setUp -->
  <testcase classname="tests.ArrayTest" name="@BeforeMethod loginAndSetUp" time="0.0">
    <skipped/>
  </testcase> <!-- @BeforeMethod loginAndSetUp -->
  <testcase classname="base.BaseTest" name="@AfterMethod tearDown" time="0.0">
    <skipped/>
  </testcase> <!-- @AfterMethod tearDown -->
  <testcase classname="base.BaseTest" name="@BeforeMethod setUp" time="0.0">
    <skipped/>
  </testcase> <!-- @BeforeMethod setUp -->
  <testcase classname="tests.ArrayTest" name="@BeforeMethod loginAndSetUp" time="0.0">
    <skipped/>
  </testcase> <!-- @BeforeMethod loginAndSetUp -->
  <testcase classname="base.BaseTest" name="@AfterMethod tearDown" time="0.0">
    <skipped/>
  </testcase> <!-- @AfterMethod tearDown -->
  <testcase classname="tests.LinkedListTest" name="dataStructureValidation" time="0.0">
    <skipped/>
  </testcase> <!-- dataStructureValidation -->
  <testcase classname="tests.LinkedListTest" name="testClickEachQueueTopic" time="0.0">
    <skipped/>
  </testcase> <!-- testClickEachQueueTopic -->
  <testcase classname="tests.LinkedListTest" name="testClickEachQueueTopic" time="0.0">
    <skipped/>
  </testcase> <!-- testClickEachQueueTopic -->
  <testcase classname="tests.LinkedListTest" name="testClickEachQueueTopic" time="0.0">
    <skipped/>
  </testcase> <!-- testClickEachQueueTopic -->
  <testcase classname="tests.LinkedListTest" name="testClickEachQueueTopic" time="0.0">
    <skipped/>
  </testcase> <!-- testClickEachQueueTopic -->
  <testcase classname="tests.LinkedListTest" name="testClickEachQueueTopic" time="0.0">
    <skipped/>
  </testcase> <!-- testClickEachQueueTopic -->
  <testcase classname="tests.LinkedListTest" name="testClickEachQueueTopic" time="0.0">
    <skipped/>
  </testcase> <!-- testClickEachQueueTopic -->
  <testcase classname="tests.LinkedListTest" name="testClickEachQueueTopic" time="0.001">
    <skipped/>
  </testcase> <!-- testClickEachQueueTopic -->
  <testcase classname="tests.LinkedListTest" name="practiceQuestionsLinkValidation" time="0.0">
    <skipped/>
  </testcase> <!-- practiceQuestionsLinkValidation -->
  <testcase classname="tests.LinkedListTest" name="tryhereValidationForQueue" time="0.0">
    <skipped/>
  </testcase> <!-- tryhereValidationForQueue -->
  <testcase classname="tests.LinkedListTest" name="tryhereValidationForQueue" time="0.001">
    <skipped/>
  </testcase> <!-- tryhereValidationForQueue -->
  <testcase classname="tests.LinkedListTest" name="tryhereValidationForQueue" time="0.0">
    <skipped/>
  </testcase> <!-- tryhereValidationForQueue -->
  <testcase classname="tests.LinkedListTest" name="tryhereValidationForQueue" time="0.0">
    <skipped/>
  </testcase> <!-- tryhereValidationForQueue -->
  <testcase classname="tests.LinkedListTest" name="tryhereValidationForQueue" time="0.0">
    <skipped/>
  </testcase> <!-- tryhereValidationForQueue -->
  <testcase classname="tests.LinkedListTest" name="tryhereValidationForQueue" time="0.0">
    <skipped/>
  </testcase> <!-- tryhereValidationForQueue -->
  <testcase classname="tests.LinkedListTest" name="tryhereValidationForQueue" time="0.001">
    <skipped/>
  </testcase> <!-- tryhereValidationForQueue -->
  <testcase classname="tests.LinkedListTest" name="tryEditorValidationWithoutCodeQueue" time="0.0">
    <skipped/>
  </testcase> <!-- tryEditorValidationWithoutCodeQueue -->
  <testcase classname="tests.LinkedListTest" name="incorrectPythonCodeValidationQueue" time="0.0">
    <skipped/>
  </testcase> <!-- incorrectPythonCodeValidationQueue -->
  <testcase classname="tests.LinkedListTest" name="validPythonCodeValidationQueue" time="0.0">
    <skipped/>
  </testcase> <!-- validPythonCodeValidationQueue -->
  <testcase classname="tests.LinkedListTest" name="navigateBackForLL" time="0.0">
    <skipped/>
  </testcase> <!-- navigateBackForLL -->
  <testcase classname="tests.LinkedListTest" name="signoutValidationLL" time="0.0">
    <skipped/>
  </testcase> <!-- signoutValidationLL -->
  <testcase classname="tests.DataStructureIntroTest" name="dataStructureValidation" time="1.06"/>
  <testcase classname="tests.QueueTest" name="dataStructureValidation" time="1.044"/>
  <testcase classname="tests.DataStructureIntroTest" name="timeComplexity" time="0.943"/>
  <testcase classname="tests.QueueTest" name="testClickEachQueueTopic" time="0.686"/>
  <testcase classname="tests.DataStructureIntroTest" name="practiceQuestionsLinkValidation" time="1.153"/>
  <testcase classname="tests.QueueTest" name="testClickEachQueueTopic" time="0.771"/>
  <testcase classname="tests.DataStructureIntroTest" name="tryhereValidation" time="2.108">
    <skipped/>
  </testcase> <!-- tryhereValidation -->
  <testcase classname="tests.QueueTest" name="testClickEachQueueTopic" time="0.879"/>
  <testcase classname="tests.DataStructureIntroTest" name="tryhereValidation" time="1.68">
    <skipped/>
  </testcase> <!-- tryhereValidation -->
  <testcase classname="tests.QueueTest" name="testClickEachQueueTopic" time="0.818"/>
  <testcase classname="tests.QueueTest" name="practiceQuestionsLinkValidation" time="2.313"/>
  <testcase classname="tests.DataStructureIntroTest" name="tryhereValidation" time="1.665">
    <failure type="java.lang.AssertionError" message="expected [Assessment] but found [Implementation of Queue in Python]">
      <![CDATA[java.lang.AssertionError: expected [Assessment] but found [Implementation of Queue in Python]
at tests.DataStructureIntroTest.tryhereValidation(DataStructureIntroTest.java:77)
at java.base/java.util.concurrent.Executors$RunnableAdapter.call(Executors.java:572)
at java.base/java.util.concurrent.FutureTask.run(FutureTask.java:317)
at java.base/java.util.concurrent.ThreadPoolExecutor.runWorker(ThreadPoolExecutor.java:1144)
at java.base/java.util.concurrent.ThreadPoolExecutor$Worker.run(ThreadPoolExecutor.java:642)
at java.base/java.lang.Thread.run(Thread.java:1575)
... Removed 17 stack frames]]>
    </failure>
  </testcase> <!-- tryhereValidation -->
  <testcase classname="tests.DataStructureIntroTest" name="tryEditorValidationWithoutCode" time="0.0">
    <skipped/>
  </testcase> <!-- tryEditorValidationWithoutCode -->
  <testcase classname="tests.QueueTest" name="tryhereValidationForQueue" time="1.777"/>
  <testcase classname="tests.QueueTest" name="tryhereValidationForQueue" time="1.858"/>
  <testcase classname="tests.QueueTest" name="tryhereValidationForQueue" time="1.789"/>
  <testcase classname="tests.DataStructureIntroTest" name="incorrectPythonCodeValidation" time="0.0">
    <skipped/>
  </testcase> <!-- incorrectPythonCodeValidation -->
  <testcase classname="tests.QueueTest" name="tryhereValidationForQueue" time="1.97"/>
  <testcase classname="tests.QueueTest" name="tryEditorValidationWithoutCodeQueue" time="1.867"/>
  <testcase classname="tests.DataStructureIntroTest" name="validPythonCodeValidation" time="0.0">
    <failure type="java.lang.RuntimeException" message="java.lang.OutOfMemoryError: Java heap space">
      <![CDATA[java.lang.RuntimeException: java.lang.OutOfMemoryError: Java heap space
at java.base/java.util.concurrent.Executors$RunnableAdapter.call(Executors.java:572)
at java.base/java.util.concurrent.FutureTask.run(FutureTask.java:317)
at java.base/java.util.concurrent.ThreadPoolExecutor.runWorker(ThreadPoolExecutor.java:1144)
at java.base/java.util.concurrent.ThreadPoolExecutor$Worker.run(ThreadPoolExecutor.java:642)
at java.base/java.lang.Thread.run(Thread.java:1575)
Caused by: java.lang.OutOfMemoryError: Java heap space
at org.apache.xmlbeans.impl.values.NamespaceContext.getNamespaceContextStack(NamespaceContext.java:102)
at org.apache.xmlbeans.impl.values.NamespaceContext.push(NamespaceContext.java:110)
at org.apache.xmlbeans.impl.values.XmlObjectBase.check_dated(XmlObjectBase.java:1248)
at org.apache.xmlbeans.impl.values.JavaLongHolder.getLongValue(JavaLongHolder.java:66)
at org.openxmlformats.schemas.spreadsheetml.x2006.main.impl.CTRowImpl.getR(CTRowImpl.java:215)
at org.apache.poi.xssf.usermodel.XSSFRow.getRowNum(XSSFRow.java:409)
at org.apache.poi.xssf.usermodel.XSSFSheet.initRows(XSSFSheet.java:207)
at org.apache.poi.xssf.usermodel.XSSFSheet.read(XSSFSheet.java:163)
at org.apache.poi.xssf.usermodel.XSSFSheet.onDocumentRead(XSSFSheet.java:149)
at org.apache.poi.xssf.usermodel.XSSFWorkbook.parseSheet(XSSFWorkbook.java:500)
at org.apache.poi.xssf.usermodel.XSSFWorkbook.onDocumentRead(XSSFWorkbook.java:461)
at org.apache.poi.ooxml.POIXMLDocument.load(POIXMLDocument.java:169)
at org.apache.poi.xssf.usermodel.XSSFWorkbook.<init>(XSSFWorkbook.java:262)
at org.apache.poi.xssf.usermodel.XSSFWorkbook.<init>(XSSFWorkbook.java:315)
at org.apache.poi.xssf.usermodel.XSSFWorkbook.<init>(XSSFWorkbook.java:289)
at utilities.ExcelReader.getDataByScenario(ExcelReader.java:29)
at tests.DataProviders.validPythonCode(DataProviders.java:85)
at java.base/java.lang.invoke.DirectMethodHandle$Holder.invokeVirtual(DirectMethodHandle$Holder)
at java.base/java.lang.invoke.LambdaForm$MH/0x0000000124009c00.invoke(LambdaForm$MH)
at java.base/java.lang.invoke.Invokers$Holder.invokeExact_MT(Invokers$Holder)
... Removed 23 stack frames]]>
    </failure>
  </testcase> <!-- validPythonCodeValidation -->
  <testcase classname="tests.DataStructureIntroTest" name="navigateBack" time="0.0">
    <skipped/>
  </testcase> <!-- navigateBack -->
  <testcase classname="tests.DataStructureIntroTest" name="signoutValidation" time="0.0">
    <skipped/>
  </testcase> <!-- signoutValidation -->
  <testcase classname="tests.GraphTest" name="graphPageValidation" time="0.468"/>
  <testcase classname="tests.GraphTest" name="clickGraph" time="0.959"/>
  <testcase classname="tests.GraphTest" name="clickGraphRep" time="1.159"/>
  <testcase classname="tests.QueueTest" name="incorrectPythonCodeValidationQueue" time="69.736"/>
  <testcase classname="tests.QueueTest" name="validPythonCodeValidationQueue" time="0.0">
    <skipped/>
  </testcase> <!-- validPythonCodeValidationQueue -->
  <testcase classname="tests.QueueTest" name="navigateBack" time="0.0">
    <skipped/>
  </testcase> <!-- navigateBack -->
  <testcase classname="tests.QueueTest" name="signoutValidation" time="0.0">
    <skipped/>
  </testcase> <!-- signoutValidation -->
  <testcase classname="tests.GraphTest" name="practiceQuestionsLinkValidation" time="2.105"/>
  <testcase classname="tests.RegisterTest" name="registerPageValidation" time="0.125"/>
  <testcase classname="tests.GraphTest" name="tryhereValidation" time="1.851">
    <skipped/>
  </testcase> <!-- tryhereValidation -->
  <testcase classname="tests.RegisterTest" name="registerValidationWithoutUserInfo" time="0.449"/>
  <testcase classname="tests.RegisterTest" name="registerValidationWithInvalidData" time="0.0">
    <skipped/>
  </testcase> <!-- registerValidationWithInvalidData -->
  <testcase classname="tests.RegisterTest" name="registerValidationWithInvalidData" time="0.0">
    <skipped/>
  </testcase> <!-- registerValidationWithInvalidData -->
  <testcase classname="tests.RegisterTest" name="registerValidationWithInvalidData" time="0.0">
    <skipped/>
  </testcase> <!-- registerValidationWithInvalidData -->
  <testcase classname="tests.RegisterTest" name="registerWithValidData" time="0.0">
    <skipped/>
  </testcase> <!-- registerWithValidData -->
  <testcase classname="tests.RegisterTest" name="loginButtonValidationOnRegisterPage" time="0.0">
    <skipped/>
  </testcase> <!-- loginButtonValidationOnRegisterPage -->
  <testcase classname="tests.RegisterTest" name="registerValidationWithInvalidConfirmPwd" time="0.0">
    <skipped/>
  </testcase> <!-- registerValidationWithInvalidConfirmPwd -->
  <testcase classname="tests.GraphTest" name="tryhereValidation" time="2.521"/>
  <testcase classname="tests.HomeTest" name="testClickRegistor" time="0.855"/>
  <testcase classname="tests.HomeTest" name="testClickLogin" time="0.336"/>
  <testcase classname="tests.GraphTest" name="tryEditorValidationWithoutCode" time="2.317"/>
  <testcase classname="tests.HomeTest" name="testClickDropdownOption" time="24.014">
    <skipped/>
  </testcase> <!-- testClickDropdownOption -->
  <testcase classname="tests.GraphTest" name="incorrectPythonCodeValidation" time="22.297"/>
  <testcase classname="tests.HomeTest" name="testClickDropdownOption" time="23.007">
    <skipped/>
  </testcase> <!-- testClickDropdownOption -->
  <testcase classname="tests.GraphTest" name="validPythonCodeValidation" time="21.997"/>
  <testcase classname="tests.GraphTest" name="navigateBack" time="11.804"/>
  <testcase classname="tests.HomeTest" name="testClickDropdownOption" time="12.977">
    <failure type="org.openqa.selenium.TimeoutException" message="Expected condition failed: waiting for element to be clickable: [[ChromeDriver: chrome on mac (9f9aea3ad9f967cae4a1887dccc1c740)] -&amp;gt; xpath: //a[@class=&amp;apos;nav-link dropdown-toggle&amp;apos;]] (tried for 10 second(s) with 500 milliseconds interval)">
      <![CDATA[org.openqa.selenium.TimeoutException: Expected condition failed: waiting for element to be clickable: [[ChromeDriver: chrome on mac (9f9aea3ad9f967cae4a1887dccc1c740)] -> xpath: //a[@class='nav-link dropdown-toggle']] (tried for 10 second(s) with 500 milliseconds interval)
at org.openqa.selenium.support.ui.WebDriverWait.timeoutException(WebDriverWait.java:84)
at org.openqa.selenium.support.ui.FluentWait.until(FluentWait.java:228)
at pageObject.HomePF.clickDropdownOption(HomePF.java:124)
at pageObject.HomePF.clickDropdownOption(HomePF.java:139)
at pageObject.HomePF.clickDropdownOption(HomePF.java:139)
at pageObject.HomePF.clickDropdownOption(HomePF.java:139)
at pageObject.HomePF.clickDropdownOption(HomePF.java:139)
at pageObject.HomePF.clickDropdownOption(HomePF.java:139)
at tests.HomeTest.testClickDropdownOption(HomeTest.java:52)
at java.base/java.util.concurrent.Executors$RunnableAdapter.call(Executors.java:572)
at java.base/java.util.concurrent.FutureTask.run(FutureTask.java:317)
at java.base/java.util.concurrent.ThreadPoolExecutor.runWorker(ThreadPoolExecutor.java:1144)
at java.base/java.util.concurrent.ThreadPoolExecutor$Worker.run(ThreadPoolExecutor.java:642)
at java.base/java.lang.Thread.run(Thread.java:1575)
Caused by: org.openqa.selenium.NoSuchElementException: no such element: Unable to locate element: {"method":"xpath","selector":"//a[@class='nav-link dropdown-toggle']"}
  (Session info: chrome=136.0.7103.114)
For documentation on this error, please visit: https://www.selenium.dev/documentation/webdriver/troubleshooting/errors#no-such-element-exception
Build info: version: '4.29.0', revision: '5fc1ec94cb'
System info: os.name: 'Mac OS X', os.arch: 'x86_64', os.version: '14.6.1', java.version: '23.0.2'
Driver info: org.openqa.selenium.chrome.ChromeDriver
Command: [9f9aea3ad9f967cae4a1887dccc1c740, findElement {using=xpath, value=//a[@class='nav-link dropdown-toggle']}]
Capabilities {acceptInsecureCerts: false, browserName: chrome, browserVersion: 136.0.7103.114, chrome: {chromedriverVersion: 136.0.7103.113 (76fa3c17824..., userDataDir: /var/folders/6z/52rq66px5gg...}, fedcm:accounts: true, goog:chromeOptions: {debuggerAddress: localhost:57648}, networkConnectionEnabled: false, pageLoadStrategy: normal, platformName: mac, proxy: Proxy(), se:cdp: ws://localhost:57648/devtoo..., se:cdpVersion: 136.0.7103.114, setWindowRect: true, strictFileInteractability: false, timeouts: {implicit: 0, pageLoad: 300000, script: 30000}, unhandledPromptBehavior: dismiss and notify, webauthn:extension:credBlob: true, webauthn:extension:largeBlob: true, webauthn:extension:minPinLength: true, webauthn:extension:prf: true, webauthn:virtualAuthenticators: true}
Session ID: 9f9aea3ad9f967cae4a1887dccc1c740
at org.openqa.selenium.remote.ErrorCodec.decode(ErrorCodec.java:167)
at org.openqa.selenium.remote.codec.w3c.W3CHttpResponseCodec.decode(W3CHttpResponseCodec.java:138)
at org.openqa.selenium.remote.codec.w3c.W3CHttpResponseCodec.decode(W3CHttpResponseCodec.java:50)
at org.openqa.selenium.remote.HttpCommandExecutor.execute(HttpCommandExecutor.java:215)
at org.openqa.selenium.remote.service.DriverCommandExecutor.invokeExecute(DriverCommandExecutor.java:216)
at org.openqa.selenium.remote.service.DriverCommandExecutor.execute(DriverCommandExecutor.java:174)
at org.openqa.selenium.remote.RemoteWebDriver.execute(RemoteWebDriver.java:545)
at org.openqa.selenium.remote.ElementLocation$ElementFinder$2.findElement(ElementLocation.java:165)
at org.openqa.selenium.remote.ElementLocation.findElement(ElementLocation.java:59)
at org.openqa.selenium.remote.RemoteWebDriver.findElement(RemoteWebDriver.java:368)
at org.openqa.selenium.remote.RemoteWebDriver.findElement(RemoteWebDriver.java:362)
at org.openqa.selenium.support.pagefactory.DefaultElementLocator.findElement(DefaultElementLocator.java:68)
at org.openqa.selenium.support.pagefactory.internal.LocatingElementHandler.invoke(LocatingElementHandler.java:38)
at jdk.proxy2/jdk.proxy2.$Proxy17.isDisplayed(Unknown Source)
at org.openqa.selenium.support.ui.ExpectedConditions.elementIfVisible(ExpectedConditions.java:304)
at org.openqa.selenium.support.ui.ExpectedConditions$10.apply(ExpectedConditions.java:290)
at org.openqa.selenium.support.ui.ExpectedConditions$10.apply(ExpectedConditions.java:287)
at org.openqa.selenium.support.ui.ExpectedConditions$23.apply(ExpectedConditions.java:656)
at org.openqa.selenium.support.ui.ExpectedConditions$23.apply(ExpectedConditions.java:652)
at org.openqa.selenium.support.ui.FluentWait.until(FluentWait.java:203)
... 23 more
... Removed 14 stack frames]]>
    </failure>
  </testcase> <!-- testClickDropdownOption -->
  <testcase classname="tests.HomeTest" name="testClickDropdownOption" time="0.718"/>
  <testcase classname="tests.GraphTest" name="tryhereValidationForGR" time="2.083">
    <skipped/>
  </testcase> <!-- tryhereValidationForGR -->
  <testcase classname="tests.HomeTest" name="testClickDropdownOption" time="0.917"/>
  <testcase classname="tests.HomeTest" name="testClickDropdownOption" time="1.096"/>
  <testcase classname="tests.GraphTest" name="tryhereValidationForGR" time="1.86">
    <skipped/>
  </testcase> <!-- tryhereValidationForGR -->
  <testcase classname="tests.GraphTest" name="tryhereValidationForGR" time="1.885"/>
  <testcase classname="tests.HomeTest" name="testClickDropdownOption" time="13.793">
    <skipped/>
  </testcase> <!-- testClickDropdownOption -->
  <testcase classname="tests.HomeTest" name="testClickDropdownOption" time="23.362">
    <skipped/>
  </testcase> <!-- testClickDropdownOption -->
  <testcase classname="tests.GraphTest" name="tryEditorValidationWithoutCodeForGR" time="22.132"/>
  <testcase classname="tests.HomeTest" name="testClickDropdownOption" time="23.601">
    <failure type="org.openqa.selenium.TimeoutException" message="Expected condition failed: waiting for element to be clickable: Proxy element for: DefaultElementLocator &amp;apos;By.xpath: //a[@class=&amp;apos;nav-link dropdown-toggle&amp;apos;]&amp;apos; (tried for 10 second(s) with 500 milliseconds interval)">
      <![CDATA[org.openqa.selenium.TimeoutException: Expected condition failed: waiting for element to be clickable: Proxy element for: DefaultElementLocator 'By.xpath: //a[@class='nav-link dropdown-toggle']' (tried for 10 second(s) with 500 milliseconds interval)
at org.openqa.selenium.support.ui.WebDriverWait.timeoutException(WebDriverWait.java:84)
at org.openqa.selenium.support.ui.FluentWait.until(FluentWait.java:228)
at pageObject.HomePF.clickDropdownOption(HomePF.java:124)
at pageObject.HomePF.clickDropdownOption(HomePF.java:139)
at pageObject.HomePF.clickDropdownOption(HomePF.java:139)
at pageObject.HomePF.clickDropdownOption(HomePF.java:139)
at pageObject.HomePF.clickDropdownOption(HomePF.java:139)
at tests.HomeTest.testClickDropdownOption(HomeTest.java:52)
at java.base/java.util.concurrent.Executors$RunnableAdapter.call(Executors.java:572)
at java.base/java.util.concurrent.FutureTask.run(FutureTask.java:317)
at java.base/java.util.concurrent.ThreadPoolExecutor.runWorker(ThreadPoolExecutor.java:1144)
at java.base/java.util.concurrent.ThreadPoolExecutor$Worker.run(ThreadPoolExecutor.java:642)
at java.base/java.lang.Thread.run(Thread.java:1575)
Caused by: org.openqa.selenium.NoSuchElementException: no such element: Unable to locate element: {"method":"xpath","selector":"//a[@class='nav-link dropdown-toggle']"}
  (Session info: chrome=136.0.7103.114)
For documentation on this error, please visit: https://www.selenium.dev/documentation/webdriver/troubleshooting/errors#no-such-element-exception
Build info: version: '4.29.0', revision: '5fc1ec94cb'
System info: os.name: 'Mac OS X', os.arch: 'x86_64', os.version: '14.6.1', java.version: '23.0.2'
Driver info: org.openqa.selenium.chrome.ChromeDriver
Command: [273ce50446f5c79eb8b48ed9b4d1d347, findElement {using=xpath, value=//a[@class='nav-link dropdown-toggle']}]
Capabilities {acceptInsecureCerts: false, browserName: chrome, browserVersion: 136.0.7103.114, chrome: {chromedriverVersion: 136.0.7103.113 (76fa3c17824..., userDataDir: /var/folders/6z/52rq66px5gg...}, fedcm:accounts: true, goog:chromeOptions: {debuggerAddress: localhost:57929}, networkConnectionEnabled: false, pageLoadStrategy: normal, platformName: mac, proxy: Proxy(), se:cdp: ws://localhost:57929/devtoo..., se:cdpVersion: 136.0.7103.114, setWindowRect: true, strictFileInteractability: false, timeouts: {implicit: 0, pageLoad: 300000, script: 30000}, unhandledPromptBehavior: dismiss and notify, webauthn:extension:credBlob: true, webauthn:extension:largeBlob: true, webauthn:extension:minPinLength: true, webauthn:extension:prf: true, webauthn:virtualAuthenticators: true}
Session ID: 273ce50446f5c79eb8b48ed9b4d1d347
at org.openqa.selenium.remote.ErrorCodec.decode(ErrorCodec.java:167)
at org.openqa.selenium.remote.codec.w3c.W3CHttpResponseCodec.decode(W3CHttpResponseCodec.java:138)
at org.openqa.selenium.remote.codec.w3c.W3CHttpResponseCodec.decode(W3CHttpResponseCodec.java:50)
at org.openqa.selenium.remote.HttpCommandExecutor.execute(HttpCommandExecutor.java:215)
at org.openqa.selenium.remote.service.DriverCommandExecutor.invokeExecute(DriverCommandExecutor.java:216)
at org.openqa.selenium.remote.service.DriverCommandExecutor.execute(DriverCommandExecutor.java:174)
at org.openqa.selenium.remote.RemoteWebDriver.execute(RemoteWebDriver.java:545)
at org.openqa.selenium.remote.ElementLocation$ElementFinder$2.findElement(ElementLocation.java:165)
at org.openqa.selenium.remote.ElementLocation.findElement(ElementLocation.java:59)
at org.openqa.selenium.remote.RemoteWebDriver.findElement(RemoteWebDriver.java:368)
at org.openqa.selenium.remote.RemoteWebDriver.findElement(RemoteWebDriver.java:362)
at org.openqa.selenium.support.pagefactory.DefaultElementLocator.findElement(DefaultElementLocator.java:68)
at org.openqa.selenium.support.pagefactory.internal.LocatingElementHandler.invoke(LocatingElementHandler.java:38)
at jdk.proxy2/jdk.proxy2.$Proxy17.isDisplayed(Unknown Source)
at org.openqa.selenium.support.ui.ExpectedConditions.elementIfVisible(ExpectedConditions.java:304)
at org.openqa.selenium.support.ui.ExpectedConditions$10.apply(ExpectedConditions.java:290)
at org.openqa.selenium.support.ui.ExpectedConditions$10.apply(ExpectedConditions.java:287)
at org.openqa.selenium.support.ui.ExpectedConditions$23.apply(ExpectedConditions.java:656)
at org.openqa.selenium.support.ui.ExpectedConditions$23.apply(ExpectedConditions.java:652)
at org.openqa.selenium.support.ui.FluentWait.until(FluentWait.java:203)
... 22 more
... Removed 14 stack frames]]>
    </failure>
  </testcase> <!-- testClickDropdownOption -->
  <testcase classname="tests.GraphTest" name="incorrectPythonCodeValidationForGR" time="22.381"/>
  <testcase classname="tests.HomeTest" name="testClickDropdownOption" time="23.219">
    <skipped/>
  </testcase> <!-- testClickDropdownOption -->
  <testcase classname="tests.GraphTest" name="validPythonCodeValidationForGR" time="22.201"/>
  <testcase classname="tests.GraphTest" name="navigateBackForGR" time="1.903"/>
  <testcase classname="tests.GraphTest" name="signoutValidation" time="1.283"/>
  <testcase classname="tests.LoginTest" name="the_user_leave_the_username_field_empty_and_click_login" time="0.418"/>
  <testcase classname="tests.HomeTest" name="testClickDropdownOption" time="14.143">
    <skipped/>
  </testcase> <!-- testClickDropdownOption -->
  <testcase classname="tests.LoginTest" name="the_user_leave_the_password_field_empty_and_click_login" time="0.436"/>
  <testcase classname="tests.HomeTest" name="testClickDropdownOption" time="0.79"/>
  <testcase classname="tests.HomeTest" name="testClickGetStarted" time="0.456"/>
  <testcase classname="tests.HomeTest" name="testClickGetStarted" time="0.432"/>
  <testcase classname="tests.HomeTest" name="testClickGetStarted" time="0.399"/>
  <testcase classname="tests.HomeTest" name="testClickGetStarted" time="0.425"/>
  <testcase classname="tests.HomeTest" name="testClickGetStarted" time="0.539"/>
  <testcase classname="tests.LoginTest" name="testblankLogin" time="0.879"/>
  <testcase classname="tests.HomeTest" name="testClickGetStarted" time="0.453"/>
  <testcase classname="tests.HomeTest" name="testClickGetStarted" time="0.407"/>
  <testcase classname="tests.HomeTest" name="testClickGetStartedlogin" time="1.42"/>
  <testcase classname="tests.HomeTest" name="testClickGetStartedlogin" time="1.578"/>
  <testcase classname="tests.HomeTest" name="testClickGetStartedlogin" time="2.433"/>
  <testcase classname="tests.LoginTest" name="testValidLogin" time="1.184"/>
  <testcase classname="tests.HomeTest" name="testClickGetStartedlogin" time="2.189"/>
  <testcase classname="tests.LoginTest" name="registerLinkValidation" time="0.285"/>
  <testcase classname="tests.TreeTest" name="treePageValidation" time="0.001">
    <skipped/>
  </testcase> <!-- treePageValidation -->
  <testcase classname="tests.TreeTest" name="treePageLinksValidation" time="0.0">
    <skipped/>
  </testcase> <!-- treePageLinksValidation -->
  <testcase classname="tests.TreeTest" name="treePageLinksValidation" time="0.0">
    <skipped/>
  </testcase> <!-- treePageLinksValidation -->
  <testcase classname="tests.TreeTest" name="treePageLinksValidation" time="0.0">
    <skipped/>
  </testcase> <!-- treePageLinksValidation -->
  <testcase classname="tests.TreeTest" name="treePageLinksValidation" time="0.0">
    <skipped/>
  </testcase> <!-- treePageLinksValidation -->
  <testcase classname="tests.TreeTest" name="treePageLinksValidation" time="0.0">
    <skipped/>
  </testcase> <!-- treePageLinksValidation -->
  <testcase classname="tests.TreeTest" name="treePageLinksValidation" time="0.0">
    <skipped/>
  </testcase> <!-- treePageLinksValidation -->
  <testcase classname="tests.TreeTest" name="treePageLinksValidation" time="0.0">
    <skipped/>
  </testcase> <!-- treePageLinksValidation -->
  <testcase classname="tests.TreeTest" name="treePageLinksValidation" time="0.0">
    <skipped/>
  </testcase> <!-- treePageLinksValidation -->
  <testcase classname="tests.TreeTest" name="treePageLinksValidation" time="0.0">
    <skipped/>
  </testcase> <!-- treePageLinksValidation -->
  <testcase classname="tests.TreeTest" name="treePageLinksValidation" time="0.0">
    <skipped/>
  </testcase> <!-- treePageLinksValidation -->
  <testcase classname="tests.TreeTest" name="treePageLinksValidation" time="0.0">
    <skipped/>
  </testcase> <!-- treePageLinksValidation -->
  <testcase classname="tests.TreeTest" name="treePageLinksValidation" time="0.0">
    <skipped/>
  </testcase> <!-- treePageLinksValidation -->
  <testcase classname="tests.TreeTest" name="treePageLinksValidation" time="0.0">
    <skipped/>
  </testcase> <!-- treePageLinksValidation -->
  <testcase classname="tests.TreeTest" name="tryHereValidation" time="0.0">
    <skipped/>
  </testcase> <!-- tryHereValidation -->
  <testcase classname="tests.TreeTest" name="tryHereValidation" time="0.0">
    <skipped/>
  </testcase> <!-- tryHereValidation -->
  <testcase classname="tests.TreeTest" name="tryHereValidation" time="0.0">
    <skipped/>
  </testcase> <!-- tryHereValidation -->
  <testcase classname="tests.TreeTest" name="tryHereValidation" time="0.0">
    <skipped/>
  </testcase> <!-- tryHereValidation -->
  <testcase classname="tests.TreeTest" name="tryHereValidation" time="0.0">
    <skipped/>
  </testcase> <!-- tryHereValidation -->
  <testcase classname="tests.TreeTest" name="tryHereValidation" time="0.0">
    <skipped/>
  </testcase> <!-- tryHereValidation -->
  <testcase classname="tests.TreeTest" name="tryHereValidation" time="0.0">
    <skipped/>
  </testcase> <!-- tryHereValidation -->
  <testcase classname="tests.TreeTest" name="tryHereValidation" time="0.0">
    <skipped/>
  </testcase> <!-- tryHereValidation -->
  <testcase classname="tests.TreeTest" name="tryHereValidation" time="0.0">
    <skipped/>
  </testcase> <!-- tryHereValidation -->
  <testcase classname="tests.TreeTest" name="tryHereValidation" time="0.0">
    <skipped/>
  </testcase> <!-- tryHereValidation -->
  <testcase classname="tests.TreeTest" name="tryHereValidation" time="0.0">
    <skipped/>
  </testcase> <!-- tryHereValidation -->
  <testcase classname="tests.TreeTest" name="tryHereValidation" time="0.0">
    <skipped/>
  </testcase> <!-- tryHereValidation -->
  <testcase classname="tests.TreeTest" name="tryHereValidation" time="0.0">
    <skipped/>
  </testcase> <!-- tryHereValidation -->
  <testcase classname="tests.TreeTest" name="practiceQuestionValidation" time="0.0">
    <skipped/>
  </testcase> <!-- practiceQuestionValidation -->
  <testcase classname="tests.TreeTest" name="tryEditorValidationWithoutCode" time="0.0">
    <skipped/>
  </testcase> <!-- tryEditorValidationWithoutCode -->
  <testcase classname="tests.HomeTest" name="testClickGetStartedlogin" time="2.239"/>
  <testcase classname="tests.HomeTest" name="testClickGetStartedlogin" time="1.656"/>
  <testcase classname="tests.HomeTest" name="testClickGetStartedlogin" time="1.937"/>
  <testcase classname="tests.HomeTest" name="testClickDropdownOptionLogin" time="2.2"/>
  <testcase classname="tests.TreeTest" name="incorrectPythonCodeValidation" time="0.0">
    <skipped/>
  </testcase> <!-- incorrectPythonCodeValidation -->
  <testcase classname="tests.HomeTest" name="testClickDropdownOptionLogin" time="1.897"/>
  <testcase classname="tests.HomeTest" name="testClickDropdownOptionLogin" time="1.756"/>
  <testcase classname="tests.HomeTest" name="testClickDropdownOptionLogin" time="1.999"/>
  <testcase classname="tests.TreeTest" name="validPythonCodeValidation" time="0.0">
    <skipped/>
  </testcase> <!-- validPythonCodeValidation -->
  <testcase classname="tests.TreeTest" name="navigateBack" time="0.0">
    <skipped/>
  </testcase> <!-- navigateBack -->
  <testcase classname="tests.TreeTest" name="signoutValidation" time="0.0">
    <skipped/>
  </testcase> <!-- signoutValidation -->
  <testcase classname="tests.TreeTest" name="headrElementsValidation" time="0.0">
    <skipped/>
  </testcase> <!-- headrElementsValidation -->
  <testcase classname="tests.HomeTest" name="testClickDropdownOptionLogin" time="2.475"/>
  <testcase classname="tests.ArrayTest" name="verifyUserIsInArrayPage" time="0.854">
    <skipped/>
  </testcase> <!-- verifyUserIsInArrayPage -->
  <testcase classname="tests.HomeTest" name="testClickDropdownOptionLogin" time="1.999"/>
  <testcase classname="tests.ArrayTest" name="verifyUserIsInArrayPage" time="0.517">
    <skipped/>
  </testcase> <!-- verifyUserIsInArrayPage -->
  <testcase classname="tests.HomeTest" name="signoutValidation" time="2.159"/>
  <testcase classname="tests.ArrayTest" name="verifyUserIsInArrayPage" time="0.498">
    <failure type="java.lang.AssertionError" message="incorrect page expected [true] but found [false]">
      <![CDATA[java.lang.AssertionError: incorrect page expected [true] but found [false]
at tests.ArrayTest.verifyUserIsInArrayPage(ArrayTest.java:51)
at java.base/java.util.concurrent.Executors$RunnableAdapter.call(Executors.java:572)
at java.base/java.util.concurrent.FutureTask.run(FutureTask.java:317)
at java.base/java.util.concurrent.ThreadPoolExecutor.runWorker(ThreadPoolExecutor.java:1144)
at java.base/java.util.concurrent.ThreadPoolExecutor$Worker.run(ThreadPoolExecutor.java:642)
at java.base/java.lang.Thread.run(Thread.java:1575)
... Removed 14 stack frames]]>
    </failure>
  </testcase> <!-- verifyUserIsInArrayPage -->
  <testcase classname="tests.StackTest" name="verifyUserIsInStackPage" time="0.524"/>
  <testcase classname="tests.ArrayTest" name="verifyArraysNavigation" time="0.508">
    <skipped/>
  </testcase> <!-- verifyArraysNavigation -->
  <testcase classname="tests.StackTest" name="verifyStacksNavigation" time="1.312"/>
  <testcase classname="tests.ArrayTest" name="verifyArraysNavigation" time="1.328">
    <skipped/>
  </testcase> <!-- verifyArraysNavigation -->
  <testcase classname="tests.StackTest" name="verifyStacksNavigation" time="1.089"/>
  <testcase classname="tests.ArrayTest" name="verifyArraysNavigation" time="0.69">
    <failure type="java.lang.AssertionError" message="Navigation to Arrays failed expected [true] but found [false]">
      <![CDATA[java.lang.AssertionError: Navigation to Arrays failed expected [true] but found [false]
at tests.ArrayTest.verifyArraysNavigation(ArrayTest.java:60)
at java.base/java.util.concurrent.Executors$RunnableAdapter.call(Executors.java:572)
at java.base/java.util.concurrent.FutureTask.run(FutureTask.java:317)
at java.base/java.util.concurrent.ThreadPoolExecutor.runWorker(ThreadPoolExecutor.java:1144)
at java.base/java.util.concurrent.ThreadPoolExecutor$Worker.run(ThreadPoolExecutor.java:642)
at java.base/java.lang.Thread.run(Thread.java:1575)
... Removed 14 stack frames]]>
    </failure>
  </testcase> <!-- verifyArraysNavigation -->
  <testcase classname="tests.StackTest" name="verifyStacksNavigation" time="1.148"/>
  <testcase classname="tests.ArrayTest" name="verifyArraysNavigation" time="1.021">
    <skipped/>
  </testcase> <!-- verifyArraysNavigation -->
  <testcase classname="tests.StackTest" name="VerifyTryHere" time="2.189"/>
  <testcase classname="tests.ArrayTest" name="verifyArraysNavigation" time="0.931"/>
  <testcase classname="tests.StackTest" name="verifyRunButtonWithoutEnteringCode" time="2.067">
    <skipped/>
  </testcase> <!-- verifyRunButtonWithoutEnteringCode -->
  <testcase classname="tests.ArrayTest" name="verifyArraysNavigation" time="0.936"/>
  <testcase classname="tests.ArrayTest" name="verifyArraysNavigation" time="10.033">
    <skipped/>
  </testcase> <!-- verifyArraysNavigation -->
  <testcase classname="tests.ArrayTest" name="verifyArraysNavigation" time="10.094">
    <skipped/>
  </testcase> <!-- verifyArraysNavigation -->
  <testcase classname="tests.ArrayTest" name="verifyArraysNavigation" time="10.021">
    <failure type="org.openqa.selenium.NoSuchElementException" message="no such element: Unable to locate element: {&amp;quot;method&amp;quot;:&amp;quot;xpath&amp;quot;,&amp;quot;selector&amp;quot;:&amp;quot;//a[text()=&amp;apos;Get Started&amp;apos; and @href=&amp;apos;array&amp;apos;]&amp;quot;}
  (Session info: chrome=136.0.7103.114)
For documentation on this error, please visit: https://www.selenium.dev/documentation/webdriver/troubleshooting/errors#no-such-element-exception
Build info: version: &amp;apos;4.29.0&amp;apos;, revision: &amp;apos;5fc1ec94cb&amp;apos;
System info: os.name: &amp;apos;Mac OS X&amp;apos;, os.arch: &amp;apos;x86_64&amp;apos;, os.version: &amp;apos;14.6.1&amp;apos;, java.version: &amp;apos;23.0.2&amp;apos;
Driver info: org.openqa.selenium.chrome.ChromeDriver
Command: [5170d7249c584c0359bce6868b665332, findElement {using=xpath, value=//a[text()=&amp;apos;Get Started&amp;apos; and @href=&amp;apos;array&amp;apos;]}]
Capabilities {acceptInsecureCerts: false, browserName: chrome, browserVersion: 136.0.7103.114, chrome: {chromedriverVersion: 136.0.7103.113 (76fa3c17824..., userDataDir: /var/folders/6z/52rq66px5gg...}, fedcm:accounts: true, goog:chromeOptions: {debuggerAddress: localhost:59153}, networkConnectionEnabled: false, pageLoadStrategy: normal, platformName: mac, proxy: Proxy(), se:cdp: ws://localhost:59153/devtoo..., se:cdpVersion: 136.0.7103.114, setWindowRect: true, strictFileInteractability: false, timeouts: {implicit: 0, pageLoad: 300000, script: 30000}, unhandledPromptBehavior: dismiss and notify, webauthn:extension:credBlob: true, webauthn:extension:largeBlob: true, webauthn:extension:minPinLength: true, webauthn:extension:prf: true, webauthn:virtualAuthenticators: true}
Session ID: 5170d7249c584c0359bce6868b665332">
      <![CDATA[org.openqa.selenium.NoSuchElementException: no such element: Unable to locate element: {"method":"xpath","selector":"//a[text()='Get Started' and @href='array']"}
  (Session info: chrome=136.0.7103.114)
For documentation on this error, please visit: https://www.selenium.dev/documentation/webdriver/troubleshooting/errors#no-such-element-exception
Build info: version: '4.29.0', revision: '5fc1ec94cb'
System info: os.name: 'Mac OS X', os.arch: 'x86_64', os.version: '14.6.1', java.version: '23.0.2'
Driver info: org.openqa.selenium.chrome.ChromeDriver
Command: [5170d7249c584c0359bce6868b665332, findElement {using=xpath, value=//a[text()='Get Started' and @href='array']}]
Capabilities {acceptInsecureCerts: false, browserName: chrome, browserVersion: 136.0.7103.114, chrome: {chromedriverVersion: 136.0.7103.113 (76fa3c17824..., userDataDir: /var/folders/6z/52rq66px5gg...}, fedcm:accounts: true, goog:chromeOptions: {debuggerAddress: localhost:59153}, networkConnectionEnabled: false, pageLoadStrategy: normal, platformName: mac, proxy: Proxy(), se:cdp: ws://localhost:59153/devtoo..., se:cdpVersion: 136.0.7103.114, setWindowRect: true, strictFileInteractability: false, timeouts: {implicit: 0, pageLoad: 300000, script: 30000}, unhandledPromptBehavior: dismiss and notify, webauthn:extension:credBlob: true, webauthn:extension:largeBlob: true, webauthn:extension:minPinLength: true, webauthn:extension:prf: true, webauthn:virtualAuthenticators: true}
Session ID: 5170d7249c584c0359bce6868b665332
at org.openqa.selenium.remote.ErrorCodec.decode(ErrorCodec.java:167)
at org.openqa.selenium.remote.codec.w3c.W3CHttpResponseCodec.decode(W3CHttpResponseCodec.java:138)
at org.openqa.selenium.remote.codec.w3c.W3CHttpResponseCodec.decode(W3CHttpResponseCodec.java:50)
at org.openqa.selenium.remote.HttpCommandExecutor.execute(HttpCommandExecutor.java:215)
at org.openqa.selenium.remote.service.DriverCommandExecutor.invokeExecute(DriverCommandExecutor.java:216)
at org.openqa.selenium.remote.service.DriverCommandExecutor.execute(DriverCommandExecutor.java:174)
at org.openqa.selenium.remote.RemoteWebDriver.execute(RemoteWebDriver.java:545)
at org.openqa.selenium.remote.ElementLocation$ElementFinder$2.findElement(ElementLocation.java:165)
at org.openqa.selenium.remote.ElementLocation.findElement(ElementLocation.java:59)
at org.openqa.selenium.remote.RemoteWebDriver.findElement(RemoteWebDriver.java:368)
at org.openqa.selenium.remote.RemoteWebDriver.findElement(RemoteWebDriver.java:362)
at org.openqa.selenium.support.pagefactory.DefaultElementLocator.findElement(DefaultElementLocator.java:68)
at org.openqa.selenium.support.pagefactory.internal.LocatingElementHandler.invoke(LocatingElementHandler.java:38)
at jdk.proxy2/jdk.proxy2.$Proxy17.click(Unknown Source)
at pageObject.ArrayPF.clickGettingStarted(ArrayPF.java:100)
at tests.ArrayTest.verifyArraysNavigation(ArrayTest.java:59)
at java.base/java.util.concurrent.Executors$RunnableAdapter.call(Executors.java:572)
at java.base/java.util.concurrent.FutureTask.run(FutureTask.java:317)
at java.base/java.util.concurrent.ThreadPoolExecutor.runWorker(ThreadPoolExecutor.java:1144)
at java.base/java.util.concurrent.ThreadPoolExecutor$Worker.run(ThreadPoolExecutor.java:642)
at java.base/java.lang.Thread.run(Thread.java:1575)
... Removed 14 stack frames]]>
    </failure>
  </testcase> <!-- verifyArraysNavigation -->
  <testcase classname="tests.ArrayTest" name="VerifyTryHere" time="0.0">
    <skipped/>
  </testcase> <!-- VerifyTryHere -->
  <testcase classname="tests.ArrayTest" name="verifyRunButtonWithoutEnteringCode" time="0.0">
    <skipped/>
  </testcase> <!-- verifyRunButtonWithoutEnteringCode -->
  <testcase classname="tests.ArrayTest" name="validPythonCodeforTryEditor" time="0.0">
    <skipped/>
  </testcase> <!-- validPythonCodeforTryEditor -->
  <testcase classname="tests.ArrayTest" name="InvalidPythonCodeforTryEditor" time="0.0">
    <skipped/>
  </testcase> <!-- InvalidPythonCodeforTryEditor -->
  <testcase classname="tests.ArrayTest" name="VerifyPracticeQuestion" time="0.0">
    <skipped/>
  </testcase> <!-- VerifyPracticeQuestion -->
  <testcase classname="tests.ArrayTest" name="verifyPracticeQuestionNavigation" time="0.0">
    <skipped/>
  </testcase> <!-- verifyPracticeQuestionNavigation -->
  <testcase classname="tests.ArrayTest" name="verifyPracticeQuestionNavigation" time="0.0">
    <skipped/>
  </testcase> <!-- verifyPracticeQuestionNavigation -->
  <testcase classname="tests.ArrayTest" name="verifyPracticeQuestionNavigation" time="0.0">
    <skipped/>
  </testcase> <!-- verifyPracticeQuestionNavigation -->
  <testcase classname="tests.ArrayTest" name="verifyPracticeQuestionNavigation" time="0.0">
    <skipped/>
  </testcase> <!-- verifyPracticeQuestionNavigation -->
  <testcase classname="tests.ArrayTest" name="ValidcodeandRunSearchArray" time="0.0">
    <skipped/>
  </testcase> <!-- ValidcodeandRunSearchArray -->
  <testcase classname="tests.ArrayTest" name="inValidcodeandRunSearchArray" time="0.0">
    <skipped/>
  </testcase> <!-- inValidcodeandRunSearchArray -->
  <testcase classname="tests.ArrayTest" name="ValidcodeandSubmitSearchArray" time="0.0">
    <skipped/>
  </testcase> <!-- ValidcodeandSubmitSearchArray -->
  <testcase classname="tests.ArrayTest" name="inValidcodeandSubmitSearchArray" time="0.0">
    <skipped/>
  </testcase> <!-- inValidcodeandSubmitSearchArray -->
  <testcase classname="tests.ArrayTest" name="ValidcodeandRunMAX" time="0.0">
    <skipped/>
  </testcase> <!-- ValidcodeandRunMAX -->
  <testcase classname="tests.ArrayTest" name="inValidcodeandRunMAX" time="0.0">
    <skipped/>
  </testcase> <!-- inValidcodeandRunMAX -->
  <testcase classname="tests.ArrayTest" name="ValidcodeandSubmitMAX" time="0.0">
    <skipped/>
  </testcase> <!-- ValidcodeandSubmitMAX -->
  <testcase classname="tests.ArrayTest" name="inValidcodeandSubmitMAX" time="0.0">
    <skipped/>
  </testcase> <!-- inValidcodeandSubmitMAX -->
  <testcase classname="tests.ArrayTest" name="ValidcodeandRunNumber" time="0.0">
    <skipped/>
  </testcase> <!-- ValidcodeandRunNumber -->
  <testcase classname="tests.ArrayTest" name="inValidcodeandRunNumber" time="0.0">
    <skipped/>
  </testcase> <!-- inValidcodeandRunNumber -->
  <testcase classname="tests.ArrayTest" name="ValidcodeandSubmitNumber" time="0.0">
    <skipped/>
  </testcase> <!-- ValidcodeandSubmitNumber -->
  <testcase classname="tests.ArrayTest" name="inValidcodeandSubmitNumber" time="0.0">
    <skipped/>
  </testcase> <!-- inValidcodeandSubmitNumber -->
  <testcase classname="tests.ArrayTest" name="ValidcodeandRunSortedSquares" time="0.0">
    <skipped/>
  </testcase> <!-- ValidcodeandRunSortedSquares -->
  <testcase classname="tests.ArrayTest" name="inValidcodeandRunSortedSquares" time="0.0">
    <skipped/>
  </testcase> <!-- inValidcodeandRunSortedSquares -->
  <testcase classname="tests.ArrayTest" name="ValidcodeandSubmitSortedSquares" time="0.0">
    <skipped/>
  </testcase> <!-- ValidcodeandSubmitSortedSquares -->
  <testcase classname="tests.ArrayTest" name="inValidcodeandSubmitSortedSquares" time="0.0">
    <skipped/>
  </testcase> <!-- inValidcodeandSubmitSortedSquares -->
  <testcase classname="tests.ArrayTest" name="Signout" time="0.0">
    <skipped/>
  </testcase> <!-- Signout -->
  <testcase classname="tests.StackTest" name="verifyRunButtonWithoutEnteringCode" time="1.808">
    <skipped/>
  </testcase> <!-- verifyRunButtonWithoutEnteringCode -->
  <testcase classname="tests.StackTest" name="verifyRunButtonWithoutEnteringCode" time="1.903">
    <failure type="java.lang.AssertionError" message="Bug: No alert displayed when clicking Run without entering code.">
      <![CDATA[java.lang.AssertionError: Bug: No alert displayed when clicking Run without entering code.
at tests.StackTest.verifyRunButtonWithoutEnteringCode(StackTest.java:78)
at java.base/java.util.concurrent.Executors$RunnableAdapter.call(Executors.java:572)
at java.base/java.util.concurrent.FutureTask.run(FutureTask.java:317)
at java.base/java.util.concurrent.ThreadPoolExecutor.runWorker(ThreadPoolExecutor.java:1144)
at java.base/java.util.concurrent.ThreadPoolExecutor$Worker.run(ThreadPoolExecutor.java:642)
at java.base/java.lang.Thread.run(Thread.java:1575)
... Removed 12 stack frames]]>
    </failure>
  </testcase> <!-- verifyRunButtonWithoutEnteringCode -->
  <testcase classname="tests.StackTest" name="validPythonCodeforTryEditor" time="15.117"/>
  <testcase classname="tests.StackTest" name="InvalidPythonCodeforTryEditor" time="14.588"/>
  <testcase classname="tests.StackTest" name="test_Application_Practice_Questions_Link_Stack_Bug" time="1.108"/>
  <testcase classname="tests.StackTest" name="Signout" time="11.696">
    <skipped/>
  </testcase> <!-- Signout -->
  <testcase classname="tests.StackTest" name="Signout" time="11.733">
    <skipped/>
  </testcase> <!-- Signout -->
  <testcase classname="tests.StackTest" name="Signout" time="11.634">
    <failure type="org.openqa.selenium.NoSuchElementException" message="no such element: Unable to locate element: {&amp;quot;method&amp;quot;:&amp;quot;link text&amp;quot;,&amp;quot;selector&amp;quot;:&amp;quot;Sign out&amp;quot;}
  (Session info: chrome=136.0.7103.114)
For documentation on this error, please visit: https://www.selenium.dev/documentation/webdriver/troubleshooting/errors#no-such-element-exception
Build info: version: &amp;apos;4.29.0&amp;apos;, revision: &amp;apos;5fc1ec94cb&amp;apos;
System info: os.name: &amp;apos;Mac OS X&amp;apos;, os.arch: &amp;apos;x86_64&amp;apos;, os.version: &amp;apos;14.6.1&amp;apos;, java.version: &amp;apos;23.0.2&amp;apos;
Driver info: org.openqa.selenium.chrome.ChromeDriver
Command: [0bc0cd805fcaa69a2e785a099f1edcae, findElement {using=link text, value=Sign out}]
Capabilities {acceptInsecureCerts: false, browserName: chrome, browserVersion: 136.0.7103.114, chrome: {chromedriverVersion: 136.0.7103.113 (76fa3c17824..., userDataDir: /var/folders/6z/52rq66px5gg...}, fedcm:accounts: true, goog:chromeOptions: {debuggerAddress: localhost:59378}, networkConnectionEnabled: false, pageLoadStrategy: normal, platformName: mac, proxy: Proxy(), se:cdp: ws://localhost:59378/devtoo..., se:cdpVersion: 136.0.7103.114, setWindowRect: true, strictFileInteractability: false, timeouts: {implicit: 0, pageLoad: 300000, script: 30000}, unhandledPromptBehavior: dismiss and notify, webauthn:extension:credBlob: true, webauthn:extension:largeBlob: true, webauthn:extension:minPinLength: true, webauthn:extension:prf: true, webauthn:virtualAuthenticators: true}
Session ID: 0bc0cd805fcaa69a2e785a099f1edcae">
      <![CDATA[org.openqa.selenium.NoSuchElementException: no such element: Unable to locate element: {"method":"link text","selector":"Sign out"}
  (Session info: chrome=136.0.7103.114)
For documentation on this error, please visit: https://www.selenium.dev/documentation/webdriver/troubleshooting/errors#no-such-element-exception
Build info: version: '4.29.0', revision: '5fc1ec94cb'
System info: os.name: 'Mac OS X', os.arch: 'x86_64', os.version: '14.6.1', java.version: '23.0.2'
Driver info: org.openqa.selenium.chrome.ChromeDriver
Command: [0bc0cd805fcaa69a2e785a099f1edcae, findElement {using=link text, value=Sign out}]
Capabilities {acceptInsecureCerts: false, browserName: chrome, browserVersion: 136.0.7103.114, chrome: {chromedriverVersion: 136.0.7103.113 (76fa3c17824..., userDataDir: /var/folders/6z/52rq66px5gg...}, fedcm:accounts: true, goog:chromeOptions: {debuggerAddress: localhost:59378}, networkConnectionEnabled: false, pageLoadStrategy: normal, platformName: mac, proxy: Proxy(), se:cdp: ws://localhost:59378/devtoo..., se:cdpVersion: 136.0.7103.114, setWindowRect: true, strictFileInteractability: false, timeouts: {implicit: 0, pageLoad: 300000, script: 30000}, unhandledPromptBehavior: dismiss and notify, webauthn:extension:credBlob: true, webauthn:extension:largeBlob: true, webauthn:extension:minPinLength: true, webauthn:extension:prf: true, webauthn:virtualAuthenticators: true}
Session ID: 0bc0cd805fcaa69a2e785a099f1edcae
at org.openqa.selenium.remote.ErrorCodec.decode(ErrorCodec.java:167)
at org.openqa.selenium.remote.codec.w3c.W3CHttpResponseCodec.decode(W3CHttpResponseCodec.java:138)
at org.openqa.selenium.remote.codec.w3c.W3CHttpResponseCodec.decode(W3CHttpResponseCodec.java:50)
at org.openqa.selenium.remote.HttpCommandExecutor.execute(HttpCommandExecutor.java:215)
at org.openqa.selenium.remote.service.DriverCommandExecutor.invokeExecute(DriverCommandExecutor.java:216)
at org.openqa.selenium.remote.service.DriverCommandExecutor.execute(DriverCommandExecutor.java:174)
at org.openqa.selenium.remote.RemoteWebDriver.execute(RemoteWebDriver.java:545)
at org.openqa.selenium.remote.ElementLocation$ElementFinder$2.findElement(ElementLocation.java:165)
at org.openqa.selenium.remote.ElementLocation.findElement(ElementLocation.java:59)
at org.openqa.selenium.remote.RemoteWebDriver.findElement(RemoteWebDriver.java:368)
at org.openqa.selenium.remote.RemoteWebDriver.findElement(RemoteWebDriver.java:362)
at org.openqa.selenium.support.pagefactory.DefaultElementLocator.findElement(DefaultElementLocator.java:68)
at org.openqa.selenium.support.pagefactory.internal.LocatingElementHandler.invoke(LocatingElementHandler.java:38)
at jdk.proxy2/jdk.proxy2.$Proxy17.click(Unknown Source)
at pageObject.StackPF.signOut(StackPF.java:121)
at tests.StackTest.Signout(StackTest.java:127)
at java.base/java.util.concurrent.Executors$RunnableAdapter.call(Executors.java:572)
at java.base/java.util.concurrent.FutureTask.run(FutureTask.java:317)
at java.base/java.util.concurrent.ThreadPoolExecutor.runWorker(ThreadPoolExecutor.java:1144)
at java.base/java.util.concurrent.ThreadPoolExecutor$Worker.run(ThreadPoolExecutor.java:642)
at java.base/java.lang.Thread.run(Thread.java:1575)
... Removed 14 stack frames]]>
    </failure>
  </testcase> <!-- Signout -->
</testsuite> <!-- dsAlgoModulesChrome -->
